Arguments: 
  C:\Program Files\nodejs\node.exe C:\Users\User\AppData\Roaming\npm\node_modules\yarn\bin\yarn.js add @opentelemetry/resources

PATH: 
  C:\Users\User\bin;C:\Program Files\Git\mingw64\bin;C:\Program Files\Git\usr\local\bin;C:\Program Files\Git\usr\bin;C:\Program Files\Git\usr\bin;C:\Program Files\Git\mingw64\bin;C:\Program Files\Git\usr\bin;C:\Users\User\bin;C:\Program Files (x86)\Common Files\Oracle\Java\javapath;C:\Windows\system32;C:\Windows;C:\Windows\System32\Wbem;C:\Windows\System32\WindowsPowerShell\v1.0;C:\Windows\System32\OpenSSH;C:\Program Files\Git\cmd;C:\Users\User\AppData\Roaming\nvm;C:\Program Files\nodejs;C:\Program Files\Go\bin;C:\Program Files\Docker\Docker\resources\bin;C:\TDM-GCC\bin;C:\Program Files\dotnet;C:\Users\User\scoop\shims;C:\Windows\system32\config\systemprofile\AppData\Local\Microsoft\WindowsApps;C:\Users\User\AppData\Roaming\npm;C:\Users\User\AppData\Roaming\nvm;C:\Program Files\nodejs;C:\Windows\system32\config\systemprofile\go\bin;C:\Program Files\JetBrains\PyCharm Community Edition 2023.2\bin;C:\Program Files\Lens\resources\cli\bin;C:\Users\User\AppData\Local\Programs\Microsoft VS Code01\bin;C:\Program Files\Git\usr\bin\vendor_perl;C:\Program Files\Git\usr\bin\core_perl

Yarn version: 
  1.22.19

Node version: 
  21.1.0

Platform: 
  win32 x64

Trace: 
  Error: EPERM: operation not permitted, lstat 'D:\Projects\my-microservices-project\dice-server\node_modules\@opentelemetry\instrumentation\build\esm\autoLoader.d.ts'

npm manifest: 
  {
    "name": "otel",
    "version": "1.0.0",
    "description": "",
    "main": "index.js",
    "scripts": {
      "test": "echo \"Error: no test specified\" && exit 1"
    },
    "keywords": [],
    "author": "",
    "license": "ISC",
    "dependencies": {
      "@opentelemetry/api": "^1.9.0",
      "@opentelemetry/auto-instrumentations-node": "^0.48.0",
      "@opentelemetry/exporter-metrics-otlp-proto": "^0.52.1",
      "@opentelemetry/exporter-trace-otlp-http": "^0.52.1",
      "@opentelemetry/exporter-trace-otlp-proto": "^0.52.1",
      "@opentelemetry/instrumentation": "^0.52.1",
      "@opentelemetry/instrumentation-http": "^0.52.1",
      "@opentelemetry/resources": "^1.25.1",
      "@opentelemetry/sdk-metrics": "^1.25.1",
      "@opentelemetry/sdk-node": "^0.52.1",
      "@opentelemetry/sdk-trace-node": "^1.25.1",
      "@opentelemetry/semantic-conventions": "^1.25.1",
      "@types/express": "^4.17.21",
      "@types/node": "^20.14.10",
      "express": "^4.19.2",
      "ts-node": "^10.9.2",
      "typescript": "^5.5.3"
    }
  }

yarn manifest: 
  No manifest

Lockfile: 
  # THIS IS AN AUTOGENERATED FILE. DO NOT EDIT THIS FILE DIRECTLY.
  # yarn lockfile v1
  
  
  "@cspotcode/source-map-support@^0.8.0":
    version "0.8.1"
    resolved "https://registry.npmjs.org/@cspotcode/source-map-support/-/source-map-support-0.8.1.tgz"
    integrity sha512-IchNf6dN4tHoMFIn/7OE8LWZ19Y6q/67Bmf6vnGREv8RSbBVb9LPJxEcnwrcwX6ixSvaiGoomAUvu4YSxXrVgw==
    dependencies:
      "@jridgewell/trace-mapping" "0.3.9"
  
  "@grpc/grpc-js@^1.7.1":
    version "1.11.0"
    resolved "https://registry.npmjs.org/@grpc/grpc-js/-/grpc-js-1.11.0.tgz"
    integrity sha512-LzmEBQ+cTwC6h8jiWUlCOfR89/LVYw1H7eeQ8YQPUdGEBsmyQoyZOT1BNTY+26WRWF3IONIo3Nk4Oi4Tu2HqbQ==
    dependencies:
      "@grpc/proto-loader" "^0.7.13"
      "@js-sdsl/ordered-map" "^4.4.2"
  
  "@grpc/proto-loader@^0.7.13":
    version "0.7.13"
    resolved "https://registry.npmjs.org/@grpc/proto-loader/-/proto-loader-0.7.13.tgz"
    integrity sha512-AiXO/bfe9bmxBjxxtYxFAXGZvMaN5s8kO+jBHAJCON8rJoB5YS/D6X7ZNc6XQkuHNmyl4CYaMI1fJ/Gn27RGGw==
    dependencies:
      lodash.camelcase "^4.3.0"
      long "^5.0.0"
      protobufjs "^7.2.5"
      yargs "^17.7.2"
  
  "@jridgewell/resolve-uri@^3.0.3":
    version "3.1.2"
    resolved "https://registry.npmjs.org/@jridgewell/resolve-uri/-/resolve-uri-3.1.2.tgz"
    integrity sha512-bRISgCIjP20/tbWSPWMEi54QVPRZExkuD9lJL+UIxUKtwVJA8wW1Trb1jMs1RFXo1CBTNZ/5hpC9QvmKWdopKw==
  
  "@jridgewell/sourcemap-codec@^1.4.10":
    version "1.5.0"
    resolved "https://registry.npmjs.org/@jridgewell/sourcemap-codec/-/sourcemap-codec-1.5.0.tgz"
    integrity sha512-gv3ZRaISU3fjPAgNsriBRqGWQL6quFx04YMPW/zD8XMLsU32mhCCbfbO6KZFLjvYpCZ8zyDEgqsgf+PwPaM7GQ==
  
  "@jridgewell/trace-mapping@0.3.9":
    version "0.3.9"
    resolved "https://registry.npmjs.org/@jridgewell/trace-mapping/-/trace-mapping-0.3.9.tgz"
    integrity sha512-3Belt6tdc8bPgAtbcmdtNJlirVoTmEb5e2gC94PnkwEW9jI6CAHUeoG85tjWP5WquqfavoMtMwiG4P926ZKKuQ==
    dependencies:
      "@jridgewell/resolve-uri" "^3.0.3"
      "@jridgewell/sourcemap-codec" "^1.4.10"
  
  "@js-sdsl/ordered-map@^4.4.2":
    version "4.4.2"
    resolved "https://registry.npmjs.org/@js-sdsl/ordered-map/-/ordered-map-4.4.2.tgz"
    integrity sha512-iUKgm52T8HOE/makSxjqoWhe95ZJA1/G1sYsGev2JDKUSS14KAgg1LHb+Ba+IPow0xflbnSkOsZcO08C7w1gYw==
  
  "@opentelemetry/api-logs@0.52.1", "@opentelemetry/api-logs@^0.52.0":
    version "0.52.1"
    resolved "https://registry.npmjs.org/@opentelemetry/api-logs/-/api-logs-0.52.1.tgz"
    integrity sha512-qnSqB2DQ9TPP96dl8cDubDvrUyWc0/sK81xHTK8eSUspzDM3bsewX903qclQFvVhgStjRWdC5bLb3kQqMkfV5A==
    dependencies:
      "@opentelemetry/api" "^1.0.0"
  
  "@opentelemetry/api@^1.0.0", "@opentelemetry/api@^1.9.0":
    version "1.9.0"
    resolved "https://registry.npmjs.org/@opentelemetry/api/-/api-1.9.0.tgz"
    integrity sha512-3giAOQvZiH5F9bMlMiv8+GSPMeqg0dbaeo58/0SlA9sxSqZhnUtxzX9/2FzyhS9sWQf5S0GJE0AKBrFqjpeYcg==
  
  "@opentelemetry/auto-instrumentations-node@^0.48.0":
    version "0.48.0"
    resolved "https://registry.npmjs.org/@opentelemetry/auto-instrumentations-node/-/auto-instrumentations-node-0.48.0.tgz"
    integrity sha512-meON9LM9dyPun8ZlIs90BzqHAIWfWkC8g+OoPuIEeV5UOSyKqMsWtbMyiTbs/k/i7k1V4miJQMX/PcLbD7pWcQ==
    dependencies:
      "@opentelemetry/instrumentation" "^0.52.0"
      "@opentelemetry/instrumentation-amqplib" "^0.39.0"
      "@opentelemetry/instrumentation-aws-lambda" "^0.43.0"
      "@opentelemetry/instrumentation-aws-sdk" "^0.43.0"
      "@opentelemetry/instrumentation-bunyan" "^0.40.0"
      "@opentelemetry/instrumentation-cassandra-driver" "^0.40.0"
      "@opentelemetry/instrumentation-connect" "^0.38.0"
      "@opentelemetry/instrumentation-cucumber" "^0.8.0"
      "@opentelemetry/instrumentation-dataloader" "^0.11.0"
      "@opentelemetry/instrumentation-dns" "^0.38.0"
      "@opentelemetry/instrumentation-express" "^0.41.0"
      "@opentelemetry/instrumentation-fastify" "^0.38.0"
      "@opentelemetry/instrumentation-fs" "^0.14.0"
      "@opentelemetry/instrumentation-generic-pool" "^0.38.0"
      "@opentelemetry/instrumentation-graphql" "^0.42.0"
      "@opentelemetry/instrumentation-grpc" "^0.52.0"
      "@opentelemetry/instrumentation-hapi" "^0.40.0"
      "@opentelemetry/instrumentation-http" "^0.52.0"
      "@opentelemetry/instrumentation-ioredis" "^0.42.0"
      "@opentelemetry/instrumentation-knex" "^0.38.0"
      "@opentelemetry/instrumentation-koa" "^0.42.0"
      "@opentelemetry/instrumentation-lru-memoizer" "^0.39.0"
      "@opentelemetry/instrumentation-memcached" "^0.38.0"
      "@opentelemetry/instrumentation-mongodb" "^0.46.0"
      "@opentelemetry/instrumentation-mongoose" "^0.40.0"
      "@opentelemetry/instrumentation-mysql" "^0.40.0"
      "@opentelemetry/instrumentation-mysql2" "^0.40.0"
      "@opentelemetry/instrumentation-nestjs-core" "^0.39.0"
      "@opentelemetry/instrumentation-net" "^0.38.0"
      "@opentelemetry/instrumentation-pg" "^0.43.0"
      "@opentelemetry/instrumentation-pino" "^0.41.0"
      "@opentelemetry/instrumentation-redis" "^0.41.0"
      "@opentelemetry/instrumentation-redis-4" "^0.41.0"
      "@opentelemetry/instrumentation-restify" "^0.40.0"
      "@opentelemetry/instrumentation-router" "^0.39.0"
      "@opentelemetry/instrumentation-socket.io" "^0.41.0"
      "@opentelemetry/instrumentation-tedious" "^0.12.0"
      "@opentelemetry/instrumentation-undici" "^0.4.0"
      "@opentelemetry/instrumentation-winston" "^0.39.0"
      "@opentelemetry/resource-detector-alibaba-cloud" "^0.28.10"
      "@opentelemetry/resource-detector-aws" "^1.5.2"
      "@opentelemetry/resource-detector-azure" "^0.2.9"
      "@opentelemetry/resource-detector-container" "^0.3.11"
      "@opentelemetry/resource-detector-gcp" "^0.29.10"
      "@opentelemetry/resources" "^1.24.0"
      "@opentelemetry/sdk-node" "^0.52.0"
  
  "@opentelemetry/context-async-hooks@1.25.1":
    version "1.25.1"
    resolved "https://registry.npmjs.org/@opentelemetry/context-async-hooks/-/context-async-hooks-1.25.1.tgz"
    integrity sha512-UW/ge9zjvAEmRWVapOP0qyCvPulWU6cQxGxDbWEFfGOj1VBBZAuOqTo3X6yWmDTD3Xe15ysCZChHncr2xFMIfQ==
  
  "@opentelemetry/core@1.25.1", "@opentelemetry/core@^1.0.0", "@opentelemetry/core@^1.1.0", "@opentelemetry/core@^1.25.0", "@opentelemetry/core@^1.8.0":
    version "1.25.1"
    resolved "https://registry.npmjs.org/@opentelemetry/core/-/core-1.25.1.tgz"
    integrity sha512-GeT/l6rBYWVQ4XArluLVB6WWQ8flHbdb6r2FCHC3smtdOAbrJBIv35tpV/yp9bmYUJf+xmZpu9DRTIeJVhFbEQ==
    dependencies:
      "@opentelemetry/semantic-conventions" "1.25.1"
  
  "@opentelemetry/exporter-metrics-otlp-http@0.52.1":
    version "0.52.1"
    resolved "https://registry.npmjs.org/@opentelemetry/exporter-metrics-otlp-http/-/exporter-metrics-otlp-http-0.52.1.tgz"
    integrity sha512-oAHPOy1sZi58bwqXaucd19F/v7+qE2EuVslQOEeLQT94CDuZJJ4tbWzx8DpYBTrOSzKqqrMtx9+PMxkrcbxOyQ==
    dependencies:
      "@opentelemetry/core" "1.25.1"
      "@opentelemetry/otlp-exporter-base" "0.52.1"
      "@opentelemetry/otlp-transformer" "0.52.1"
      "@opentelemetry/resources" "1.25.1"
      "@opentelemetry/sdk-metrics" "1.25.1"
  
  "@opentelemetry/exporter-metrics-otlp-proto@^0.52.1":
    version "0.52.1"
    resolved "https://registry.npmjs.org/@opentelemetry/exporter-metrics-otlp-proto/-/exporter-metrics-otlp-proto-0.52.1.tgz"
    integrity sha512-m9aEOzKkjznNxm+0NbyEV834Wza9asRaFA4VyWY3b1XltqbdStRmOYSZHq0VzcecOe24uD41zFqHweL2fA3y6g==
    dependencies:
      "@opentelemetry/core" "1.25.1"
      "@opentelemetry/exporter-metrics-otlp-http" "0.52.1"
      "@opentelemetry/otlp-exporter-base" "0.52.1"
      "@opentelemetry/otlp-transformer" "0.52.1"
      "@opentelemetry/resources" "1.25.1"
      "@opentelemetry/sdk-metrics" "1.25.1"
  
  "@opentelemetry/exporter-trace-otlp-grpc@0.52.1":
    version "0.52.1"
    resolved "https://registry.npmjs.org/@opentelemetry/exporter-trace-otlp-grpc/-/exporter-trace-otlp-grpc-0.52.1.tgz"
    integrity sha512-pVkSH20crBwMTqB3nIN4jpQKUEoB0Z94drIHpYyEqs7UBr+I0cpYyOR3bqjA/UasQUMROb3GX8ZX4/9cVRqGBQ==
    dependencies:
      "@grpc/grpc-js" "^1.7.1"
      "@opentelemetry/core" "1.25.1"
      "@opentelemetry/otlp-grpc-exporter-base" "0.52.1"
      "@opentelemetry/otlp-transformer" "0.52.1"
      "@opentelemetry/resources" "1.25.1"
      "@opentelemetry/sdk-trace-base" "1.25.1"
  
  "@opentelemetry/exporter-trace-otlp-http@0.52.1", "@opentelemetry/exporter-trace-otlp-http@^0.52.1":
    version "0.52.1"
    resolved "https://registry.npmjs.org/@opentelemetry/exporter-trace-otlp-http/-/exporter-trace-otlp-http-0.52.1.tgz"
    integrity sha512-05HcNizx0BxcFKKnS5rwOV+2GevLTVIRA0tRgWYyw4yCgR53Ic/xk83toYKts7kbzcI+dswInUg/4s8oyA+tqg==
    dependencies:
      "@opentelemetry/core" "1.25.1"
      "@opentelemetry/otlp-exporter-base" "0.52.1"
      "@opentelemetry/otlp-transformer" "0.52.1"
      "@opentelemetry/resources" "1.25.1"
      "@opentelemetry/sdk-trace-base" "1.25.1"
  
  "@opentelemetry/exporter-trace-otlp-proto@0.52.1", "@opentelemetry/exporter-trace-otlp-proto@^0.52.1":
    version "0.52.1"
    resolved "https://registry.npmjs.org/@opentelemetry/exporter-trace-otlp-proto/-/exporter-trace-otlp-proto-0.52.1.tgz"
    integrity sha512-pt6uX0noTQReHXNeEslQv7x311/F1gJzMnp1HD2qgypLRPbXDeMzzeTngRTUaUbP6hqWNtPxuLr4DEoZG+TcEQ==
    dependencies:
      "@opentelemetry/core" "1.25.1"
      "@opentelemetry/otlp-exporter-base" "0.52.1"
      "@opentelemetry/otlp-transformer" "0.52.1"
      "@opentelemetry/resources" "1.25.1"
      "@opentelemetry/sdk-trace-base" "1.25.1"
  
  "@opentelemetry/exporter-zipkin@1.25.1":
    version "1.25.1"
    resolved "https://registry.npmjs.org/@opentelemetry/exporter-zipkin/-/exporter-zipkin-1.25.1.tgz"
    integrity sha512-RmOwSvkimg7ETwJbUOPTMhJm9A9bG1U8s7Zo3ajDh4zM7eYcycQ0dM7FbLD6NXWbI2yj7UY4q8BKinKYBQksyw==
    dependencies:
      "@opentelemetry/core" "1.25.1"
      "@opentelemetry/resources" "1.25.1"
      "@opentelemetry/sdk-trace-base" "1.25.1"
      "@opentelemetry/semantic-conventions" "1.25.1"
  
  "@opentelemetry/instrumentation-amqplib@^0.39.0":
    version "0.39.0"
    resolved "https://registry.npmjs.org/@opentelemetry/instrumentation-amqplib/-/instrumentation-amqplib-0.39.0.tgz"
    integrity sha512-i9SccU5bbHivmmN8ba8HitLnM915BWdGwk5Jl6dwHTp0eV4KpoprZLE/jXUY1AAP/LXpTrM7NgVHmslFSVWRYA==
    dependencies:
      "@opentelemetry/core" "^1.8.0"
      "@opentelemetry/instrumentation" "^0.52.0"
      "@opentelemetry/semantic-conventions" "^1.22.0"
  
  "@opentelemetry/instrumentation-aws-lambda@^0.43.0":
    version "0.43.0"
    resolved "https://registry.npmjs.org/@opentelemetry/instrumentation-aws-lambda/-/instrumentation-aws-lambda-0.43.0.tgz"
    integrity sha512-pSxcWlsE/pCWQRIw92sV2C+LmKXelYkjkA7C5s39iPUi4pZ2lA1nIiw+1R/y2pDEhUHcaKkNyljQr3cx9ZpVlQ==
    dependencies:
      "@opentelemetry/instrumentation" "^0.52.0"
      "@opentelemetry/propagator-aws-xray" "^1.3.1"
      "@opentelemetry/resources" "^1.8.0"
      "@opentelemetry/semantic-conventions" "^1.22.0"
      "@types/aws-lambda" "8.10.122"
  
  "@opentelemetry/instrumentation-aws-sdk@^0.43.0":
    version "0.43.0"
    resolved "https://registry.npmjs.org/@opentelemetry/instrumentation-aws-sdk/-/instrumentation-aws-sdk-0.43.0.tgz"
    integrity sha512-klfA48MT0uZY/mGw3cYdQeCXTyMhtY4FzHcZy9R7DdTcuCExgbxWrUlOSiqIJ5kBgsCZfBMEeA6UQKDBwa6X7Q==
    dependencies:
      "@opentelemetry/core" "^1.8.0"
      "@opentelemetry/instrumentation" "^0.52.0"
      "@opentelemetry/propagation-utils" "^0.30.10"
      "@opentelemetry/semantic-conventions" "^1.22.0"
  
  "@opentelemetry/instrumentation-bunyan@^0.40.0":
    version "0.40.0"
    resolved "https://registry.npmjs.org/@opentelemetry/instrumentation-bunyan/-/instrumentation-bunyan-0.40.0.tgz"
    integrity sha512-aZ4cXaGWwj79ZXSYrgFVsrDlE4mmf2wfvP9bViwRc0j75A6eN6GaHYHqufFGMTCqASQn5pIjjP+Bx+PWTGiofw==
    dependencies:
      "@opentelemetry/api-logs" "^0.52.0"
      "@opentelemetry/instrumentation" "^0.52.0"
      "@types/bunyan" "1.8.9"
  
  "@opentelemetry/instrumentation-cassandra-driver@^0.40.0":
    version "0.40.0"
    resolved "https://registry.npmjs.org/@opentelemetry/instrumentation-cassandra-driver/-/instrumentation-cassandra-driver-0.40.0.tgz"
    integrity sha512-JxbM39JU7HxE9MTKKwi6y5Z3mokjZB2BjwfqYi4B3Y29YO3I42Z7eopG6qq06yWZc+nQli386UDQe0d9xKmw0A==
    dependencies:
      "@opentelemetry/instrumentation" "^0.52.0"
      "@opentelemetry/semantic-conventions" "^1.22.0"
  
  "@opentelemetry/instrumentation-connect@^0.38.0":
    version "0.38.0"
    resolved "https://registry.npmjs.org/@opentelemetry/instrumentation-connect/-/instrumentation-connect-0.38.0.tgz"
    integrity sha512-2/nRnx3pjYEmdPIaBwtgtSviTKHWnDZN3R+TkRUnhIVrvBKVcq+I5B2rtd6mr6Fe9cHlZ9Ojcuh7pkNh/xdWWg==
    dependencies:
      "@opentelemetry/core" "^1.8.0"
      "@opentelemetry/instrumentation" "^0.52.0"
      "@opentelemetry/semantic-conventions" "^1.22.0"
      "@types/connect" "3.4.36"
  
  "@opentelemetry/instrumentation-cucumber@^0.8.0":
    version "0.8.0"
    resolved "https://registry.npmjs.org/@opentelemetry/instrumentation-cucumber/-/instrumentation-cucumber-0.8.0.tgz"
    integrity sha512-ieTm4RBIlZt2brPwtX5aEZYtYnkyqhAVXJI9RIohiBVMe5DxiwCwt+2Exep/nDVqGPX8zRBZUl4AEw423OxJig==
    dependencies:
      "@opentelemetry/instrumentation" "^0.52.0"
      "@opentelemetry/semantic-conventions" "^1.22.0"
  
  "@opentelemetry/instrumentation-dataloader@^0.11.0":
    version "0.11.0"
    resolved "https://registry.npmjs.org/@opentelemetry/instrumentation-dataloader/-/instrumentation-dataloader-0.11.0.tgz"
    integrity sha512-27urJmwkH4KDaMJtEv1uy2S7Apk4XbN4AgWMdfMJbi7DnOduJmeuA+DpJCwXB72tEWXo89z5T3hUVJIDiSNmNw==
    dependencies:
      "@opentelemetry/instrumentation" "^0.52.0"
  
  "@opentelemetry/instrumentation-dns@^0.38.0":
    version "0.38.0"
    resolved "https://registry.npmjs.org/@opentelemetry/instrumentation-dns/-/instrumentation-dns-0.38.0.tgz"
    integrity sha512-Um07I0TQXDWa+ZbEAKDFUxFH40dLtejtExDOMLNJ1CL8VmOmA71qx93Qi/QG4tGkiI1XWqr7gF/oiMCJ4m8buQ==
    dependencies:
      "@opentelemetry/instrumentation" "^0.52.0"
      semver "^7.5.4"
  
  "@opentelemetry/instrumentation-express@^0.41.0":
    version "0.41.0"
    resolved "https://registry.npmjs.org/@opentelemetry/instrumentation-express/-/instrumentation-express-0.41.0.tgz"
    integrity sha512-/B7fbMdaf3SYe5f1P973tkqd6s7XZirjpfkoJ63E7nltU30qmlgm9tY5XwZOzAFI0rHS9tbrFI2HFPAvQUFe/A==
    dependencies:
      "@opentelemetry/core" "^1.8.0"
      "@opentelemetry/instrumentation" "^0.52.0"
      "@opentelemetry/semantic-conventions" "^1.22.0"
  
  "@opentelemetry/instrumentation-fastify@^0.38.0":
    version "0.38.0"
    resolved "https://registry.npmjs.org/@opentelemetry/instrumentation-fastify/-/instrumentation-fastify-0.38.0.tgz"
    integrity sha512-HBVLpTSYpkQZ87/Df3N0gAw7VzYZV3n28THIBrJWfuqw3Or7UqdhnjeuMIPQ04BKk3aZc0cWn2naSQObbh5vXw==
    dependencies:
      "@opentelemetry/core" "^1.8.0"
      "@opentelemetry/instrumentation" "^0.52.0"
      "@opentelemetry/semantic-conventions" "^1.22.0"
  
  "@opentelemetry/instrumentation-fs@^0.14.0":
    version "0.14.0"
    resolved "https://registry.npmjs.org/@opentelemetry/instrumentation-fs/-/instrumentation-fs-0.14.0.tgz"
    integrity sha512-pVc8P5AgliC1DphyyBUgsxXlm2XaPH4BpYvt7rAZDMIqUpRk8gs19SioABtKqqxvFzg5jPtgJfJsdxq0Y+maLw==
    dependencies:
      "@opentelemetry/core" "^1.8.0"
      "@opentelemetry/instrumentation" "^0.52.0"
  
  "@opentelemetry/instrumentation-generic-pool@^0.38.0":
    version "0.38.0"
    resolved "https://registry.npmjs.org/@opentelemetry/instrumentation-generic-pool/-/instrumentation-generic-pool-0.38.0.tgz"
    integrity sha512-0/ULi6pIco1fEnDPmmAul8ZoudFL7St0hjgBbWZlZPBCSyslDll1J7DFeEbjiRSSyUd+0tu73ae0DOKVKNd7VA==
    dependencies:
      "@opentelemetry/instrumentation" "^0.52.0"
  
  "@opentelemetry/instrumentation-graphql@^0.42.0":
    version "0.42.0"
    resolved "https://registry.npmjs.org/@opentelemetry/instrumentation-graphql/-/instrumentation-graphql-0.42.0.tgz"
    integrity sha512-N8SOwoKL9KQSX7z3gOaw5UaTeVQcfDO1c21csVHnmnmGUoqsXbArK2B8VuwPWcv6/BC/i3io+xTo7QGRZ/z28Q==
    dependencies:
      "@opentelemetry/instrumentation" "^0.52.0"
  
  "@opentelemetry/instrumentation-grpc@^0.52.0":
    version "0.52.1"
    resolved "https://registry.npmjs.org/@opentelemetry/instrumentation-grpc/-/instrumentation-grpc-0.52.1.tgz"
    integrity sha512-EdSDiDSAO+XRXk/ZN128qQpBo1I51+Uay/LUPcPQhSRGf7fBPIEUBeOLQiItguGsug5MGOYjql2w/1wCQF3fdQ==
    dependencies:
      "@opentelemetry/instrumentation" "0.52.1"
      "@opentelemetry/semantic-conventions" "1.25.1"
  
  "@opentelemetry/instrumentation-hapi@^0.40.0":
    version "0.40.0"
    resolved "https://registry.npmjs.org/@opentelemetry/instrumentation-hapi/-/instrumentation-hapi-0.40.0.tgz"
    integrity sha512-8U/w7Ifumtd2bSN1OLaSwAAFhb9FyqWUki3lMMB0ds+1+HdSxYBe9aspEJEgvxAqOkrQnVniAPTEGf1pGM7SOw==
    dependencies:
      "@opentelemetry/core" "^1.8.0"
      "@opentelemetry/instrumentation" "^0.52.0"
      "@opentelemetry/semantic-conventions" "^1.22.0"
  
  "@opentelemetry/instrumentation-http@^0.52.0", "@opentelemetry/instrumentation-http@^0.52.1":
    version "0.52.1"
    resolved "https://registry.npmjs.org/@opentelemetry/instrumentation-http/-/instrumentation-http-0.52.1.tgz"
    integrity sha512-dG/aevWhaP+7OLv4BQQSEKMJv8GyeOp3Wxl31NHqE8xo9/fYMfEljiZphUHIfyg4gnZ9swMyWjfOQs5GUQe54Q==
    dependencies:
      "@opentelemetry/core" "1.25.1"
      "@opentelemetry/instrumentation" "0.52.1"
      "@opentelemetry/semantic-conventions" "1.25.1"
      semver "^7.5.2"
  
  "@opentelemetry/instrumentation-ioredis@^0.42.0":
    version "0.42.0"
    resolved "https://registry.npmjs.org/@opentelemetry/instrumentation-ioredis/-/instrumentation-ioredis-0.42.0.tgz"
    integrity sha512-P11H168EKvBB9TUSasNDOGJCSkpT44XgoM6d3gRIWAa9ghLpYhl0uRkS8//MqPzcJVHr3h3RmfXIpiYLjyIZTw==
    dependencies:
      "@opentelemetry/instrumentation" "^0.52.0"
      "@opentelemetry/redis-common" "^0.36.2"
      "@opentelemetry/semantic-conventions" "^1.23.0"
  
  "@opentelemetry/instrumentation-knex@^0.38.0":
    version "0.38.0"
    resolved "https://registry.npmjs.org/@opentelemetry/instrumentation-knex/-/instrumentation-knex-0.38.0.tgz"
    integrity sha512-EFef6Ss5ATsf5AxJOLE+pxkfupcWDaejkPH+2q7TNeG1UwsBFobfiWM+iHROZ1Cl/y3mTi60MW70FxsaX2/TjA==
    dependencies:
      "@opentelemetry/instrumentation" "^0.52.0"
      "@opentelemetry/semantic-conventions" "^1.22.0"
  
  "@opentelemetry/instrumentation-koa@^0.42.0":
    version "0.42.0"
    resolved "https://registry.npmjs.org/@opentelemetry/instrumentation-koa/-/instrumentation-koa-0.42.0.tgz"
    integrity sha512-H1BEmnMhho8o8HuNRq5zEI4+SIHDIglNB7BPKohZyWG4fWNuR7yM4GTlR01Syq21vODAS7z5omblScJD/eZdKw==
    dependencies:
      "@opentelemetry/core" "^1.8.0"
      "@opentelemetry/instrumentation" "^0.52.0"
      "@opentelemetry/semantic-conventions" "^1.22.0"
  
  "@opentelemetry/instrumentation-lru-memoizer@^0.39.0":
    version "0.39.0"
    resolved "https://registry.npmjs.org/@opentelemetry/instrumentation-lru-memoizer/-/instrumentation-lru-memoizer-0.39.0.tgz"
    integrity sha512-eU1Wx1RRTR/2wYXFzH9gcpB8EPmhYlNDIUHzUXjyUE0CAXEJhBLkYNlzdaVCoQDw2neDqS+Woshiia6+emWK9A==
    dependencies:
      "@opentelemetry/instrumentation" "^0.52.0"
  
  "@opentelemetry/instrumentation-memcached@^0.38.0":
    version "0.38.0"
    resolved "https://registry.npmjs.org/@opentelemetry/instrumentation-memcached/-/instrumentation-memcached-0.38.0.tgz"
    integrity sha512-tPmyqQEZNyrvg6G+iItdlguQEcGzfE+bJkpQifmBXmWBnoS5oU3UxqtyYuXGL2zI9qQM5yMBHH4nRXWALzy7WA==
    dependencies:
      "@opentelemetry/instrumentation" "^0.52.0"
      "@opentelemetry/semantic-conventions" "^1.23.0"
      "@types/memcached" "^2.2.6"
  
  "@opentelemetry/instrumentation-mongodb@^0.46.0":
    version "0.46.0"
    resolved "https://registry.npmjs.org/@opentelemetry/instrumentation-mongodb/-/instrumentation-mongodb-0.46.0.tgz"
    integrity sha512-VF/MicZ5UOBiXrqBslzwxhN7TVqzu1/LN/QDpkskqM0Zm0aZ4CVRbUygL8d7lrjLn15x5kGIe8VsSphMfPJzlA==
    dependencies:
      "@opentelemetry/instrumentation" "^0.52.0"
      "@opentelemetry/sdk-metrics" "^1.9.1"
      "@opentelemetry/semantic-conventions" "^1.22.0"
  
  "@opentelemetry/instrumentation-mongoose@^0.40.0":
    version "0.40.0"
    resolved "https://registry.npmjs.org/@opentelemetry/instrumentation-mongoose/-/instrumentation-mongoose-0.40.0.tgz"
    integrity sha512-niRi5ZUnkgzRhIGMOozTyoZIvJKNJyhijQI4nF4iFSb+FUx2v5fngfR+8XLmdQAO7xmsD8E5vEGdDVYVtKbZew==
    dependencies:
      "@opentelemetry/core" "^1.8.0"
      "@opentelemetry/instrumentation" "^0.52.0"
      "@opentelemetry/semantic-conventions" "^1.22.0"
  
  "@opentelemetry/instrumentation-mysql2@^0.40.0":
    version "0.40.0"
    resolved "https://registry.npmjs.org/@opentelemetry/instrumentation-mysql2/-/instrumentation-mysql2-0.40.0.tgz"
    integrity sha512-0xfS1xcqUmY7WE1uWjlmI67Xg3QsSUlNT+AcXHeA4BDUPwZtWqF4ezIwLgpVZfHOnkAEheqGfNSWd1PIu3Wnfg==
    dependencies:
      "@opentelemetry/instrumentation" "^0.52.0"
      "@opentelemetry/semantic-conventions" "^1.22.0"
      "@opentelemetry/sql-common" "^0.40.1"
  
  "@opentelemetry/instrumentation-mysql@^0.40.0":
    version "0.40.0"
    resolved "https://registry.npmjs.org/@opentelemetry/instrumentation-mysql/-/instrumentation-mysql-0.40.0.tgz"
    integrity sha512-d7ja8yizsOCNMYIJt5PH/fKZXjb/mS48zLROO4BzZTtDfhNCl2UM/9VIomP2qkGIFVouSJrGr/T00EzY7bPtKA==
    dependencies:
      "@opentelemetry/instrumentation" "^0.52.0"
      "@opentelemetry/semantic-conventions" "^1.22.0"
      "@types/mysql" "2.15.22"
  
  "@opentelemetry/instrumentation-nestjs-core@^0.39.0":
    version "0.39.0"
    resolved "https://registry.npmjs.org/@opentelemetry/instrumentation-nestjs-core/-/instrumentation-nestjs-core-0.39.0.tgz"
    integrity sha512-mewVhEXdikyvIZoMIUry8eb8l3HUjuQjSjVbmLVTt4NQi35tkpnHQrG9bTRBrl3403LoWZ2njMPJyg4l6HfKvA==
    dependencies:
      "@opentelemetry/instrumentation" "^0.52.0"
      "@opentelemetry/semantic-conventions" "^1.23.0"
  
  "@opentelemetry/instrumentation-net@^0.38.0":
    version "0.38.0"
    resolved "https://registry.npmjs.org/@opentelemetry/instrumentation-net/-/instrumentation-net-0.38.0.tgz"
    integrity sha512-stjow1PijcmUquSmRD/fSihm/H61DbjPlJuJhWUe7P22LFPjFhsrSeiB5vGj3vn+QGceNAs+kioUTzMGPbNxtg==
    dependencies:
      "@opentelemetry/instrumentation" "^0.52.0"
      "@opentelemetry/semantic-conventions" "^1.23.0"
  
  "@opentelemetry/instrumentation-pg@^0.43.0":
    version "0.43.0"
    resolved "https://registry.npmjs.org/@opentelemetry/instrumentation-pg/-/instrumentation-pg-0.43.0.tgz"
    integrity sha512-og23KLyoxdnAeFs1UWqzSonuCkePUzCX30keSYigIzJe/6WSYA8rnEI5lobcxPEzg+GcU06J7jzokuEHbjVJNw==
    dependencies:
      "@opentelemetry/instrumentation" "^0.52.0"
      "@opentelemetry/semantic-conventions" "^1.22.0"
      "@opentelemetry/sql-common" "^0.40.1"
      "@types/pg" "8.6.1"
      "@types/pg-pool" "2.0.4"
  
  "@opentelemetry/instrumentation-pino@^0.41.0":
    version "0.41.0"
    resolved "https://registry.npmjs.org/@opentelemetry/instrumentation-pino/-/instrumentation-pino-0.41.0.tgz"
    integrity sha512-Kpv0fJRk/8iMzMk5Ue5BsUJfHkBJ2wQoIi/qduU1a1Wjx9GLj6J2G17PHjPK5mnZjPNzkFOXFADZMfgDioliQw==
    dependencies:
      "@opentelemetry/api-logs" "^0.52.0"
      "@opentelemetry/core" "^1.25.0"
      "@opentelemetry/instrumentation" "^0.52.0"
  
  "@opentelemetry/instrumentation-redis-4@^0.41.0":
    version "0.41.0"
    resolved "https://registry.npmjs.org/@opentelemetry/instrumentation-redis-4/-/instrumentation-redis-4-0.41.0.tgz"
    integrity sha512-H7IfGTqW2reLXqput4yzAe8YpDC0fmVNal95GHMLOrS89W+qWUKIqxolSh63hJyfmwPSFwXASzj7wpSk8Az+Dg==
    dependencies:
      "@opentelemetry/instrumentation" "^0.52.0"
      "@opentelemetry/redis-common" "^0.36.2"
      "@opentelemetry/semantic-conventions" "^1.22.0"
  
  "@opentelemetry/instrumentation-redis@^0.41.0":
    version "0.41.0"
    resolved "https://registry.npmjs.org/@opentelemetry/instrumentation-redis/-/instrumentation-redis-0.41.0.tgz"
    integrity sha512-RJ1pwI3btykp67ts+5qZbaFSAAzacucwBet5/5EsKYtWBpHbWwV/qbGN/kIBzXg5WEZBhXLrR/RUq0EpEUpL3A==
    dependencies:
      "@opentelemetry/instrumentation" "^0.52.0"
      "@opentelemetry/redis-common" "^0.36.2"
      "@opentelemetry/semantic-conventions" "^1.22.0"
  
  "@opentelemetry/instrumentation-restify@^0.40.0":
    version "0.40.0"
    resolved "https://registry.npmjs.org/@opentelemetry/instrumentation-restify/-/instrumentation-restify-0.40.0.tgz"
    integrity sha512-sm/rH/GysY/KOEvZqYBZSLYFeXlBkHCgqPDgWc07tz+bHCN6mPs9P3otGOSTe7o3KAIM8Nc6ncCO59vL+jb2cA==
    dependencies:
      "@opentelemetry/core" "^1.8.0"
      "@opentelemetry/instrumentation" "^0.52.0"
      "@opentelemetry/semantic-conventions" "^1.22.0"
  
  "@opentelemetry/instrumentation-router@^0.39.0":
    version "0.39.0"
    resolved "https://registry.npmjs.org/@opentelemetry/instrumentation-router/-/instrumentation-router-0.39.0.tgz"
    integrity sha512-LaXnVmD69WPC4hNeLzKexCCS19hRLrUw3xicneAMkzJSzNJvPyk7G6I7lz7VjQh1cooObPBt9gNyd3hhTCUrag==
    dependencies:
      "@opentelemetry/instrumentation" "^0.52.0"
      "@opentelemetry/semantic-conventions" "^1.22.0"
  
  "@opentelemetry/instrumentation-socket.io@^0.41.0":
    version "0.41.0"
    resolved "https://registry.npmjs.org/@opentelemetry/instrumentation-socket.io/-/instrumentation-socket.io-0.41.0.tgz"
    integrity sha512-7fzDe9/FpO6NFizC/wnzXXX7bF9oRchsD//wFqy5g5hVEgXZCQ70IhxjrKdBvgjyIejR9T9zTvfQ6PfVKfkCAw==
    dependencies:
      "@opentelemetry/instrumentation" "^0.52.0"
      "@opentelemetry/semantic-conventions" "^1.22.0"
  
  "@opentelemetry/instrumentation-tedious@^0.12.0":
    version "0.12.0"
    resolved "https://registry.npmjs.org/@opentelemetry/instrumentation-tedious/-/instrumentation-tedious-0.12.0.tgz"
    integrity sha512-53xx7WQmpBPfxtVxOKRzzZxOjv9JzSdoy1aIvCtPM5/O407aYcdvj8wXxCQEiEfctFEovEHG4QgmdHz9BKidSQ==
    dependencies:
      "@opentelemetry/instrumentation" "^0.52.0"
      "@opentelemetry/semantic-conventions" "^1.22.0"
      "@types/tedious" "^4.0.10"
  
  "@opentelemetry/instrumentation-undici@^0.4.0":
    version "0.4.0"
    resolved "https://registry.npmjs.org/@opentelemetry/instrumentation-undici/-/instrumentation-undici-0.4.0.tgz"
    integrity sha512-UdMQBpz11SqtWlmDnk5SoqF5QDom4VmW8SVDt9Q2xuMWVh8lc0kVROfoo2pl7zU6H6gFR8eudb3eFXIdrFn0ew==
    dependencies:
      "@opentelemetry/core" "^1.8.0"
      "@opentelemetry/instrumentation" "^0.52.0"
  
  "@opentelemetry/instrumentation-winston@^0.39.0":
    version "0.39.0"
    resolved "https://registry.npmjs.org/@opentelemetry/instrumentation-winston/-/instrumentation-winston-0.39.0.tgz"
    integrity sha512-v/1xziLJ9CyB3YDjBSBzbB70Qd0JwWTo36EqWK5m3AR0CzsyMQQmf3ZIZM6sgx7hXMcRQ0pnEYhg6nhrUQPm9A==
    dependencies:
      "@opentelemetry/api-logs" "^0.52.0"
      "@opentelemetry/instrumentation" "^0.52.0"
  
  "@opentelemetry/instrumentation@0.52.1", "@opentelemetry/instrumentation@^0.52.0":
    version "0.52.1"
    resolved "https://registry.npmjs.org/@opentelemetry/instrumentation/-/instrumentation-0.52.1.tgz"
    integrity sha512-uXJbYU/5/MBHjMp1FqrILLRuiJCs3Ofk0MeRDk8g1S1gD47U8X3JnSwcMO1rtRo1x1a7zKaQHaoYu49p/4eSKw==
    dependencies:
      "@opentelemetry/api-logs" "0.52.1"
      "@types/shimmer" "^1.0.2"
      import-in-the-middle "^1.8.1"
      require-in-the-middle "^7.1.1"
      semver "^7.5.2"
      shimmer "^1.2.1"
  
  "@opentelemetry/instrumentation@^0.52.1":
    version "0.52.1"
    resolved "https://registry.yarnpkg.com/@opentelemetry/instrumentation/-/instrumentation-0.52.1.tgz#2e7e46a38bd7afbf03cf688c862b0b43418b7f48"
    integrity sha512-uXJbYU/5/MBHjMp1FqrILLRuiJCs3Ofk0MeRDk8g1S1gD47U8X3JnSwcMO1rtRo1x1a7zKaQHaoYu49p/4eSKw==
    dependencies:
      "@opentelemetry/api-logs" "0.52.1"
      "@types/shimmer" "^1.0.2"
      import-in-the-middle "^1.8.1"
      require-in-the-middle "^7.1.1"
      semver "^7.5.2"
      shimmer "^1.2.1"
  
  "@opentelemetry/otlp-exporter-base@0.52.1":
    version "0.52.1"
    resolved "https://registry.npmjs.org/@opentelemetry/otlp-exporter-base/-/otlp-exporter-base-0.52.1.tgz"
    integrity sha512-z175NXOtX5ihdlshtYBe5RpGeBoTXVCKPPLiQlD6FHvpM4Ch+p2B0yWKYSrBfLH24H9zjJiBdTrtD+hLlfnXEQ==
    dependencies:
      "@opentelemetry/core" "1.25.1"
      "@opentelemetry/otlp-transformer" "0.52.1"
  
  "@opentelemetry/otlp-grpc-exporter-base@0.52.1":
    version "0.52.1"
    resolved "https://registry.npmjs.org/@opentelemetry/otlp-grpc-exporter-base/-/otlp-grpc-exporter-base-0.52.1.tgz"
    integrity sha512-zo/YrSDmKMjG+vPeA9aBBrsQM9Q/f2zo6N04WMB3yNldJRsgpRBeLLwvAt/Ba7dpehDLOEFBd1i2JCoaFtpCoQ==
    dependencies:
      "@grpc/grpc-js" "^1.7.1"
      "@opentelemetry/core" "1.25.1"
      "@opentelemetry/otlp-exporter-base" "0.52.1"
      "@opentelemetry/otlp-transformer" "0.52.1"
  
  "@opentelemetry/otlp-transformer@0.52.1":
    version "0.52.1"
    resolved "https://registry.npmjs.org/@opentelemetry/otlp-transformer/-/otlp-transformer-0.52.1.tgz"
    integrity sha512-I88uCZSZZtVa0XniRqQWKbjAUm73I8tpEy/uJYPPYw5d7BRdVk0RfTBQw8kSUl01oVWEuqxLDa802222MYyWHg==
    dependencies:
      "@opentelemetry/api-logs" "0.52.1"
      "@opentelemetry/core" "1.25.1"
      "@opentelemetry/resources" "1.25.1"
      "@opentelemetry/sdk-logs" "0.52.1"
      "@opentelemetry/sdk-metrics" "1.25.1"
      "@opentelemetry/sdk-trace-base" "1.25.1"
      protobufjs "^7.3.0"
  
  "@opentelemetry/propagation-utils@^0.30.10":
    version "0.30.10"
    resolved "https://registry.npmjs.org/@opentelemetry/propagation-utils/-/propagation-utils-0.30.10.tgz"
    integrity sha512-hhTW8pFp9PSyosYzzuUL9rdm7HF97w3OCyElufFHyUnYnKkCBbu8ne2LyF/KSdI/xZ81ubxWZs78hX4S7pLq5g==
  
  "@opentelemetry/propagator-aws-xray@^1.3.1":
    version "1.25.1"
    resolved "https://registry.npmjs.org/@opentelemetry/propagator-aws-xray/-/propagator-aws-xray-1.25.1.tgz"
    integrity sha512-soZQdO9EAROMwa9bL2C0VLadbrfRjSA9t7g6X8sL0X1B8V59pzOayYMyTW9qTECn9uuJV98A7qOnJm6KH6yk8w==
    dependencies:
      "@opentelemetry/core" "1.25.1"
  
  "@opentelemetry/propagator-b3@1.25.1":
    version "1.25.1"
    resolved "https://registry.npmjs.org/@opentelemetry/propagator-b3/-/propagator-b3-1.25.1.tgz"
    integrity sha512-p6HFscpjrv7//kE+7L+3Vn00VEDUJB0n6ZrjkTYHrJ58QZ8B3ajSJhRbCcY6guQ3PDjTbxWklyvIN2ojVbIb1A==
    dependencies:
      "@opentelemetry/core" "1.25.1"
  
  "@opentelemetry/propagator-jaeger@1.25.1":
    version "1.25.1"
    resolved "https://registry.npmjs.org/@opentelemetry/propagator-jaeger/-/propagator-jaeger-1.25.1.tgz"
    integrity sha512-nBprRf0+jlgxks78G/xq72PipVK+4or9Ypntw0gVZYNTCSK8rg5SeaGV19tV920CMqBD/9UIOiFr23Li/Q8tiA==
    dependencies:
      "@opentelemetry/core" "1.25.1"
  
  "@opentelemetry/redis-common@^0.36.2":
    version "0.36.2"
    resolved "https://registry.npmjs.org/@opentelemetry/redis-common/-/redis-common-0.36.2.tgz"
    integrity sha512-faYX1N0gpLhej/6nyp6bgRjzAKXn5GOEMYY7YhciSfCoITAktLUtQ36d24QEWNA1/WA1y6qQunCe0OhHRkVl9g==
  
  "@opentelemetry/resource-detector-alibaba-cloud@^0.28.10":
    version "0.28.10"
    resolved "https://registry.npmjs.org/@opentelemetry/resource-detector-alibaba-cloud/-/resource-detector-alibaba-cloud-0.28.10.tgz"
    integrity sha512-TZv/1Y2QCL6sJ+X9SsPPBXe4786bc/Qsw0hQXFsNTbJzDTGGUmOAlSZ2qPiuqAd4ZheUYfD+QA20IvAjUz9Hhg==
    dependencies:
      "@opentelemetry/resources" "^1.0.0"
      "@opentelemetry/semantic-conventions" "^1.22.0"
  
  "@opentelemetry/resource-detector-aws@^1.5.2":
    version "1.5.2"
    resolved "https://registry.npmjs.org/@opentelemetry/resource-detector-aws/-/resource-detector-aws-1.5.2.tgz"
    integrity sha512-LNwKy5vJM5fvCDcbXVKwg6Y1pKT4WgZUsddGMnWMEhxJcQVZm2Z9vUkyHdQU7xvJtGwCO2/TkMWHPjU1KQNDJQ==
    dependencies:
      "@opentelemetry/core" "^1.0.0"
      "@opentelemetry/resources" "^1.0.0"
      "@opentelemetry/semantic-conventions" "^1.22.0"
  
  "@opentelemetry/resource-detector-azure@^0.2.9":
    version "0.2.9"
    resolved "https://registry.npmjs.org/@opentelemetry/resource-detector-azure/-/resource-detector-azure-0.2.9.tgz"
    integrity sha512-16Z6kyrmszoa7J1uj1kbSAgZuk11K07yEDj6fa3I9XBf8Debi8y4K8ex94kpxbCfEraWagXji3bCWvaq3k4dRg==
    dependencies:
      "@opentelemetry/resources" "^1.10.1"
      "@opentelemetry/semantic-conventions" "^1.22.0"
  
  "@opentelemetry/resource-detector-container@^0.3.11":
    version "0.3.11"
    resolved "https://registry.npmjs.org/@opentelemetry/resource-detector-container/-/resource-detector-container-0.3.11.tgz"
    integrity sha512-22ndMDakxX+nuhAYwqsciexV8/w26JozRUV0FN9kJiqSWtA1b5dCVtlp3J6JivG5t8kDN9UF5efatNnVbqRT9Q==
    dependencies:
      "@opentelemetry/resources" "^1.0.0"
      "@opentelemetry/semantic-conventions" "^1.22.0"
  
  "@opentelemetry/resource-detector-gcp@^0.29.10":
    version "0.29.10"
    resolved "https://registry.npmjs.org/@opentelemetry/resource-detector-gcp/-/resource-detector-gcp-0.29.10.tgz"
    integrity sha512-rm2HKJ9lsdoVvrbmkr9dkOzg3Uk0FksXNxvNBgrCprM1XhMoJwThI5i0h/5sJypISUAJlEeJS6gn6nROj/NpkQ==
    dependencies:
      "@opentelemetry/core" "^1.0.0"
      "@opentelemetry/resources" "^1.0.0"
      "@opentelemetry/semantic-conventions" "^1.22.0"
      gcp-metadata "^6.0.0"
  
  "@opentelemetry/resources@1.25.1", "@opentelemetry/resources@^1.0.0", "@opentelemetry/resources@^1.10.1", "@opentelemetry/resources@^1.24.0", "@opentelemetry/resources@^1.25.1", "@opentelemetry/resources@^1.8.0":
    version "1.25.1"
    resolved "https://registry.npmjs.org/@opentelemetry/resources/-/resources-1.25.1.tgz"
    integrity sha512-pkZT+iFYIZsVn6+GzM0kSX+u3MSLCY9md+lIJOoKl/P+gJFfxJte/60Usdp8Ce4rOs8GduUpSPNe1ddGyDT1sQ==
    dependencies:
      "@opentelemetry/core" "1.25.1"
      "@opentelemetry/semantic-conventions" "1.25.1"
  
  "@opentelemetry/sdk-logs@0.52.1":
    version "0.52.1"
    resolved "https://registry.npmjs.org/@opentelemetry/sdk-logs/-/sdk-logs-0.52.1.tgz"
    integrity sha512-MBYh+WcPPsN8YpRHRmK1Hsca9pVlyyKd4BxOC4SsgHACnl/bPp4Cri9hWhVm5+2tiQ9Zf4qSc1Jshw9tOLGWQA==
    dependencies:
      "@opentelemetry/api-logs" "0.52.1"
      "@opentelemetry/core" "1.25.1"
      "@opentelemetry/resources" "1.25.1"
  
  "@opentelemetry/sdk-metrics@1.25.1", "@opentelemetry/sdk-metrics@^1.25.1", "@opentelemetry/sdk-metrics@^1.9.1":
    version "1.25.1"
    resolved "https://registry.npmjs.org/@opentelemetry/sdk-metrics/-/sdk-metrics-1.25.1.tgz"
    integrity sha512-9Mb7q5ioFL4E4dDrc4wC/A3NTHDat44v4I3p2pLPSxRvqUbDIQyMVr9uK+EU69+HWhlET1VaSrRzwdckWqY15Q==
    dependencies:
      "@opentelemetry/core" "1.25.1"
      "@opentelemetry/resources" "1.25.1"
      lodash.merge "^4.6.2"
  
  "@opentelemetry/sdk-node@^0.52.0", "@opentelemetry/sdk-node@^0.52.1":
    version "0.52.1"
    resolved "https://registry.npmjs.org/@opentelemetry/sdk-node/-/sdk-node-0.52.1.tgz"
    integrity sha512-uEG+gtEr6eKd8CVWeKMhH2olcCHM9dEK68pe0qE0be32BcCRsvYURhHaD1Srngh1SQcnQzZ4TP324euxqtBOJA==
    dependencies:
      "@opentelemetry/api-logs" "0.52.1"
      "@opentelemetry/core" "1.25.1"
      "@opentelemetry/exporter-trace-otlp-grpc" "0.52.1"
      "@opentelemetry/exporter-trace-otlp-http" "0.52.1"
      "@opentelemetry/exporter-trace-otlp-proto" "0.52.1"
      "@opentelemetry/exporter-zipkin" "1.25.1"
      "@opentelemetry/instrumentation" "0.52.1"
      "@opentelemetry/resources" "1.25.1"
      "@opentelemetry/sdk-logs" "0.52.1"
      "@opentelemetry/sdk-metrics" "1.25.1"
      "@opentelemetry/sdk-trace-base" "1.25.1"
      "@opentelemetry/sdk-trace-node" "1.25.1"
      "@opentelemetry/semantic-conventions" "1.25.1"
  
  "@opentelemetry/sdk-trace-base@1.25.1":
    version "1.25.1"
    resolved "https://registry.npmjs.org/@opentelemetry/sdk-trace-base/-/sdk-trace-base-1.25.1.tgz"
    integrity sha512-C8k4hnEbc5FamuZQ92nTOp8X/diCY56XUTnMiv9UTuJitCzaNNHAVsdm5+HLCdI8SLQsLWIrG38tddMxLVoftw==
    dependencies:
      "@opentelemetry/core" "1.25.1"
      "@opentelemetry/resources" "1.25.1"
      "@opentelemetry/semantic-conventions" "1.25.1"
  
  "@opentelemetry/sdk-trace-node@1.25.1", "@opentelemetry/sdk-trace-node@^1.25.1":
    version "1.25.1"
    resolved "https://registry.npmjs.org/@opentelemetry/sdk-trace-node/-/sdk-trace-node-1.25.1.tgz"
    integrity sha512-nMcjFIKxnFqoez4gUmihdBrbpsEnAX/Xj16sGvZm+guceYE0NE00vLhpDVK6f3q8Q4VFI5xG8JjlXKMB/SkTTQ==
    dependencies:
      "@opentelemetry/context-async-hooks" "1.25.1"
      "@opentelemetry/core" "1.25.1"
      "@opentelemetry/propagator-b3" "1.25.1"
      "@opentelemetry/propagator-jaeger" "1.25.1"
      "@opentelemetry/sdk-trace-base" "1.25.1"
      semver "^7.5.2"
  
  "@opentelemetry/semantic-conventions@1.25.1", "@opentelemetry/semantic-conventions@^1.22.0", "@opentelemetry/semantic-conventions@^1.23.0", "@opentelemetry/semantic-conventions@^1.25.1":
    version "1.25.1"
    resolved "https://registry.npmjs.org/@opentelemetry/semantic-conventions/-/semantic-conventions-1.25.1.tgz"
    integrity sha512-ZDjMJJQRlyk8A1KZFCc+bCbsyrn1wTwdNt56F7twdfUfnHUZUq77/WfONCj8p72NZOyP7pNTdUWSTYC3GTbuuQ==
  
  "@opentelemetry/sql-common@^0.40.1":
    version "0.40.1"
    resolved "https://registry.npmjs.org/@opentelemetry/sql-common/-/sql-common-0.40.1.tgz"
    integrity sha512-nSDlnHSqzC3pXn/wZEZVLuAuJ1MYMXPBwtv2qAbCa3847SaHItdE7SzUq/Jtb0KZmh1zfAbNi3AAMjztTT4Ugg==
    dependencies:
      "@opentelemetry/core" "^1.1.0"
  
  "@protobufjs/aspromise@^1.1.1", "@protobufjs/aspromise@^1.1.2":
    version "1.1.2"
    resolved "https://registry.npmjs.org/@protobufjs/aspromise/-/aspromise-1.1.2.tgz"
    integrity sha512-j+gKExEuLmKwvz3OgROXtrJ2UG2x8Ch2YZUxahh+s1F2HZ+wAceUNLkvy6zKCPVRkU++ZWQrdxsUeQXmcg4uoQ==
  
  "@protobufjs/base64@^1.1.2":
    version "1.1.2"
    resolved "https://registry.npmjs.org/@protobufjs/base64/-/base64-1.1.2.tgz"
    integrity sha512-AZkcAA5vnN/v4PDqKyMR5lx7hZttPDgClv83E//FMNhR2TMcLUhfRUBHCmSl0oi9zMgDDqRUJkSxO3wm85+XLg==
  
  "@protobufjs/codegen@^2.0.4":
    version "2.0.4"
    resolved "https://registry.npmjs.org/@protobufjs/codegen/-/codegen-2.0.4.tgz"
    integrity sha512-YyFaikqM5sH0ziFZCN3xDC7zeGaB/d0IUb9CATugHWbd1FRFwWwt4ld4OYMPWu5a3Xe01mGAULCdqhMlPl29Jg==
  
  "@protobufjs/eventemitter@^1.1.0":
    version "1.1.0"
    resolved "https://registry.npmjs.org/@protobufjs/eventemitter/-/eventemitter-1.1.0.tgz"
    integrity sha512-j9ednRT81vYJ9OfVuXG6ERSTdEL1xVsNgqpkxMsbIabzSo3goCjDIveeGv5d03om39ML71RdmrGNjG5SReBP/Q==
  
  "@protobufjs/fetch@^1.1.0":
    version "1.1.0"
    resolved "https://registry.npmjs.org/@protobufjs/fetch/-/fetch-1.1.0.tgz"
    integrity sha512-lljVXpqXebpsijW71PZaCYeIcE5on1w5DlQy5WH6GLbFryLUrBD4932W/E2BSpfRJWseIL4v/KPgBFxDOIdKpQ==
    dependencies:
      "@protobufjs/aspromise" "^1.1.1"
      "@protobufjs/inquire" "^1.1.0"
  
  "@protobufjs/float@^1.0.2":
    version "1.0.2"
    resolved "https://registry.npmjs.org/@protobufjs/float/-/float-1.0.2.tgz"
    integrity sha512-Ddb+kVXlXst9d+R9PfTIxh1EdNkgoRe5tOX6t01f1lYWOvJnSPDBlG241QLzcyPdoNTsblLUdujGSE4RzrTZGQ==
  
  "@protobufjs/inquire@^1.1.0":
    version "1.1.0"
    resolved "https://registry.npmjs.org/@protobufjs/inquire/-/inquire-1.1.0.tgz"
    integrity sha512-kdSefcPdruJiFMVSbn801t4vFK7KB/5gd2fYvrxhuJYg8ILrmn9SKSX2tZdV6V+ksulWqS7aXjBcRXl3wHoD9Q==
  
  "@protobufjs/path@^1.1.2":
    version "1.1.2"
    resolved "https://registry.npmjs.org/@protobufjs/path/-/path-1.1.2.tgz"
    integrity sha512-6JOcJ5Tm08dOHAbdR3GrvP+yUUfkjG5ePsHYczMFLq3ZmMkAD98cDgcT2iA1lJ9NVwFd4tH/iSSoe44YWkltEA==
  
  "@protobufjs/pool@^1.1.0":
    version "1.1.0"
    resolved "https://registry.npmjs.org/@protobufjs/pool/-/pool-1.1.0.tgz"
    integrity sha512-0kELaGSIDBKvcgS4zkjz1PeddatrjYcmMWOlAuAPwAeccUrPHdUqo/J6LiymHHEiJT5NrF1UVwxY14f+fy4WQw==
  
  "@protobufjs/utf8@^1.1.0":
    version "1.1.0"
    resolved "https://registry.npmjs.org/@protobufjs/utf8/-/utf8-1.1.0.tgz"
    integrity sha512-Vvn3zZrhQZkkBE8LSuW3em98c0FwgO4nxzv6OdSxPKJIEKY2bGbHn+mhGIPerzI4twdxaP8/0+06HBpwf345Lw==
  
  "@tsconfig/node10@^1.0.7":
    version "1.0.11"
    resolved "https://registry.npmjs.org/@tsconfig/node10/-/node10-1.0.11.tgz"
    integrity sha512-DcRjDCujK/kCk/cUe8Xz8ZSpm8mS3mNNpta+jGCA6USEDfktlNvm1+IuZ9eTcDbNk41BHwpHHeW+N1lKCz4zOw==
  
  "@tsconfig/node12@^1.0.7":
    version "1.0.11"
    resolved "https://registry.npmjs.org/@tsconfig/node12/-/node12-1.0.11.tgz"
    integrity sha512-cqefuRsh12pWyGsIoBKJA9luFu3mRxCA+ORZvA4ktLSzIuCUtWVxGIuXigEwO5/ywWFMZ2QEGKWvkZG1zDMTag==
  
  "@tsconfig/node14@^1.0.0":
    version "1.0.3"
    resolved "https://registry.npmjs.org/@tsconfig/node14/-/node14-1.0.3.tgz"
    integrity sha512-ysT8mhdixWK6Hw3i1V2AeRqZ5WfXg1G43mqoYlM2nc6388Fq5jcXyr5mRsqViLx/GJYdoL0bfXD8nmF+Zn/Iow==
  
  "@tsconfig/node16@^1.0.2":
    version "1.0.4"
    resolved "https://registry.npmjs.org/@tsconfig/node16/-/node16-1.0.4.tgz"
    integrity sha512-vxhUy4J8lyeyinH7Azl1pdd43GJhZH/tP2weN8TntQblOY+A0XbT8DJk1/oCPuOOyg/Ja757rG0CgHcWC8OfMA==
  
  "@types/aws-lambda@8.10.122":
    version "8.10.122"
    resolved "https://registry.npmjs.org/@types/aws-lambda/-/aws-lambda-8.10.122.tgz"
    integrity sha512-vBkIh9AY22kVOCEKo5CJlyCgmSWvasC+SWUxL/x/vOwRobMpI/HG1xp/Ae3AqmSiZeLUbOhW0FCD3ZjqqUxmXw==
  
  "@types/body-parser@*":
    version "1.19.5"
    resolved "https://registry.npmjs.org/@types/body-parser/-/body-parser-1.19.5.tgz"
    integrity sha512-fB3Zu92ucau0iQ0JMCFQE7b/dv8Ot07NI3KaZIkIUNXq82k4eBAqUaneXfleGY9JWskeS9y+u0nXMyspcuQrCg==
    dependencies:
      "@types/connect" "*"
      "@types/node" "*"
  
  "@types/bunyan@1.8.9":
    version "1.8.9"
    resolved "https://registry.npmjs.org/@types/bunyan/-/bunyan-1.8.9.tgz"
    integrity sha512-ZqS9JGpBxVOvsawzmVt30sP++gSQMTejCkIAQ3VdadOcRE8izTyW66hufvwLeH+YEGP6Js2AW7Gz+RMyvrEbmw==
    dependencies:
      "@types/node" "*"
  
  "@types/connect@*":
    version "3.4.38"
    resolved "https://registry.npmjs.org/@types/connect/-/connect-3.4.38.tgz"
    integrity sha512-K6uROf1LD88uDQqJCktA4yzL1YYAK6NgfsI0v/mTgyPKWsX1CnJ0XPSDhViejru1GcRkLWb8RlzFYJRqGUbaug==
    dependencies:
      "@types/node" "*"
  
  "@types/connect@3.4.36":
    version "3.4.36"
    resolved "https://registry.npmjs.org/@types/connect/-/connect-3.4.36.tgz"
    integrity sha512-P63Zd/JUGq+PdrM1lv0Wv5SBYeA2+CORvbrXbngriYY0jzLUWfQMQQxOhjONEz/wlHOAxOdY7CY65rgQdTjq2w==
    dependencies:
      "@types/node" "*"
  
  "@types/express-serve-static-core@^4.17.33":
    version "4.19.5"
    resolved "https://registry.npmjs.org/@types/express-serve-static-core/-/express-serve-static-core-4.19.5.tgz"
    integrity sha512-y6W03tvrACO72aijJ5uF02FRq5cgDR9lUxddQ8vyF+GvmjJQqbzDcJngEjURc+ZsG31VI3hODNZJ2URj86pzmg==
    dependencies:
      "@types/node" "*"
      "@types/qs" "*"
      "@types/range-parser" "*"
      "@types/send" "*"
  
  "@types/express@^4.17.21":
    version "4.17.21"
    resolved "https://registry.npmjs.org/@types/express/-/express-4.17.21.tgz"
    integrity sha512-ejlPM315qwLpaQlQDTjPdsUFSc6ZsP4AN6AlWnogPjQ7CVi7PYF3YVz+CY3jE2pwYf7E/7HlDAN0rV2GxTG0HQ==
    dependencies:
      "@types/body-parser" "*"
      "@types/express-serve-static-core" "^4.17.33"
      "@types/qs" "*"
      "@types/serve-static" "*"
  
  "@types/http-errors@*":
    version "2.0.4"
    resolved "https://registry.npmjs.org/@types/http-errors/-/http-errors-2.0.4.tgz"
    integrity sha512-D0CFMMtydbJAegzOyHjtiKPLlvnm3iTZyZRSZoLq2mRhDdmLfIWOCYPfQJ4cu2erKghU++QvjcUjp/5h7hESpA==
  
  "@types/memcached@^2.2.6":
    version "2.2.10"
    resolved "https://registry.npmjs.org/@types/memcached/-/memcached-2.2.10.tgz"
    integrity sha512-AM9smvZN55Gzs2wRrqeMHVP7KE8KWgCJO/XL5yCly2xF6EKa4YlbpK+cLSAH4NG/Ah64HrlegmGqW8kYws7Vxg==
    dependencies:
      "@types/node" "*"
  
  "@types/mime@^1":
    version "1.3.5"
    resolved "https://registry.npmjs.org/@types/mime/-/mime-1.3.5.tgz"
    integrity sha512-/pyBZWSLD2n0dcHE3hq8s8ZvcETHtEuF+3E7XVt0Ig2nvsVQXdghHVcEkIWjy9A0wKfTn97a/PSDYohKIlnP/w==
  
  "@types/mysql@2.15.22":
    version "2.15.22"
    resolved "https://registry.npmjs.org/@types/mysql/-/mysql-2.15.22.tgz"
    integrity sha512-wK1pzsJVVAjYCSZWQoWHziQZbNggXFDUEIGf54g4ZM/ERuP86uGdWeKZWMYlqTPMZfHJJvLPyogXGvCOg87yLQ==
    dependencies:
      "@types/node" "*"
  
  "@types/node@*", "@types/node@>=13.7.0", "@types/node@^20.14.10":
    version "20.14.10"
    resolved "https://registry.npmjs.org/@types/node/-/node-20.14.10.tgz"
    integrity sha512-MdiXf+nDuMvY0gJKxyfZ7/6UFsETO7mGKF54MVD/ekJS6HdFtpZFBgrh6Pseu64XTb2MLyFPlbW6hj8HYRQNOQ==
    dependencies:
      undici-types "~5.26.4"
  
  "@types/pg-pool@2.0.4":
    version "2.0.4"
    resolved "https://registry.npmjs.org/@types/pg-pool/-/pg-pool-2.0.4.tgz"
    integrity sha512-qZAvkv1K3QbmHHFYSNRYPkRjOWRLBYrL4B9c+wG0GSVGBw0NtJwPcgx/DSddeDJvRGMHCEQ4VMEVfuJ/0gZ3XQ==
    dependencies:
      "@types/pg" "*"
  
  "@types/pg@*":
    version "8.11.6"
    resolved "https://registry.npmjs.org/@types/pg/-/pg-8.11.6.tgz"
    integrity sha512-/2WmmBXHLsfRqzfHW7BNZ8SbYzE8OSk7i3WjFYvfgRHj7S1xj+16Je5fUKv3lVdVzk/zn9TXOqf+avFCFIE0yQ==
    dependencies:
      "@types/node" "*"
      pg-protocol "*"
      pg-types "^4.0.1"
  
  "@types/pg@8.6.1":
    version "8.6.1"
    resolved "https://registry.npmjs.org/@types/pg/-/pg-8.6.1.tgz"
    integrity sha512-1Kc4oAGzAl7uqUStZCDvaLFqZrW9qWSjXOmBfdgyBP5La7Us6Mg4GBvRlSoaZMhQF/zSj1C8CtKMBkoiT8eL8w==
    dependencies:
      "@types/node" "*"
      pg-protocol "*"
      pg-types "^2.2.0"
  
  "@types/qs@*":
    version "6.9.15"
    resolved "https://registry.npmjs.org/@types/qs/-/qs-6.9.15.tgz"
    integrity sha512-uXHQKES6DQKKCLh441Xv/dwxOq1TVS3JPUMlEqoEglvlhR6Mxnlew/Xq/LRVHpLyk7iK3zODe1qYHIMltO7XGg==
  
  "@types/range-parser@*":
    version "1.2.7"
    resolved "https://registry.npmjs.org/@types/range-parser/-/range-parser-1.2.7.tgz"
    integrity sha512-hKormJbkJqzQGhziax5PItDUTMAM9uE2XXQmM37dyd4hVM+5aVl7oVxMVUiVQn2oCQFN/LKCZdvSM0pFRqbSmQ==
  
  "@types/send@*":
    version "0.17.4"
    resolved "https://registry.npmjs.org/@types/send/-/send-0.17.4.tgz"
    integrity sha512-x2EM6TJOybec7c52BX0ZspPodMsQUd5L6PRwOunVyVUhXiBSKf3AezDL8Dgvgt5o0UfKNfuA0eMLr2wLT4AiBA==
    dependencies:
      "@types/mime" "^1"
      "@types/node" "*"
  
  "@types/serve-static@*":
    version "1.15.7"
    resolved "https://registry.npmjs.org/@types/serve-static/-/serve-static-1.15.7.tgz"
    integrity sha512-W8Ym+h8nhuRwaKPaDw34QUkwsGi6Rc4yYqvKFo5rm2FUEhCFbzVWrxXUxuKK8TASjWsysJY0nsmNCGhCOIsrOw==
    dependencies:
      "@types/http-errors" "*"
      "@types/node" "*"
      "@types/send" "*"
  
  "@types/shimmer@^1.0.2":
    version "1.2.0"
    resolved "https://registry.npmjs.org/@types/shimmer/-/shimmer-1.2.0.tgz"
    integrity sha512-UE7oxhQLLd9gub6JKIAhDq06T0F6FnztwMNRvYgjeQSBeMc1ZG/tA47EwfduvkuQS8apbkM/lpLpWsaCeYsXVg==
  
  "@types/tedious@^4.0.10":
    version "4.0.14"
    resolved "https://registry.npmjs.org/@types/tedious/-/tedious-4.0.14.tgz"
    integrity sha512-KHPsfX/FoVbUGbyYvk1q9MMQHLPeRZhRJZdO45Q4YjvFkv4hMNghCWTvy7rdKessBsmtz4euWCWAB6/tVpI1Iw==
    dependencies:
      "@types/node" "*"
  
  accepts@~1.3.8:
    version "1.3.8"
    resolved "https://registry.npmjs.org/accepts/-/accepts-1.3.8.tgz"
    integrity sha512-PYAthTa2m2VKxuvSD3DPC/Gy+U+sOA1LAuT8mkmRuvw+NACSaeXEQ+NHcVF7rONl6qcaxV3Uuemwawk+7+SJLw==
    dependencies:
      mime-types "~2.1.34"
      negotiator "0.6.3"
  
  acorn-import-attributes@^1.9.5:
    version "1.9.5"
    resolved "https://registry.npmjs.org/acorn-import-attributes/-/acorn-import-attributes-1.9.5.tgz"
    integrity sha512-n02Vykv5uA3eHGM/Z2dQrcD56kL8TyDb2p1+0P83PClMnC/nc+anbQRhIOWnSq4Ke/KvDPrY3C9hDtC/A3eHnQ==
  
  acorn-walk@^8.1.1:
    version "8.3.3"
    resolved "https://registry.npmjs.org/acorn-walk/-/acorn-walk-8.3.3.tgz"
    integrity sha512-MxXdReSRhGO7VlFe1bRG/oI7/mdLV9B9JJT0N8vZOhF7gFRR5l3M8W9G8JxmKV+JC5mGqJ0QvqfSOLsCPa4nUw==
    dependencies:
      acorn "^8.11.0"
  
  acorn@^8.11.0, acorn@^8.4.1, acorn@^8.8.2:
    version "8.12.1"
    resolved "https://registry.npmjs.org/acorn/-/acorn-8.12.1.tgz"
    integrity sha512-tcpGyI9zbizT9JbV6oYE477V6mTlXvvi0T0G3SNIYE2apm/G5huBa1+K89VGeovbg+jycCrfhl3ADxErOuO6Jg==
  
  agent-base@^7.0.2:
    version "7.1.1"
    resolved "https://registry.npmjs.org/agent-base/-/agent-base-7.1.1.tgz"
    integrity sha512-H0TSyFNDMomMNJQBn8wFV5YC/2eJ+VXECwOadZJT554xP6cODZHPX3H9QMQECxvrgiSOP1pHjy1sMWQVYJOUOA==
    dependencies:
      debug "^4.3.4"
  
  ansi-regex@^5.0.1:
    version "5.0.1"
    resolved "https://registry.npmjs.org/ansi-regex/-/ansi-regex-5.0.1.tgz"
    integrity sha512-quJQXlTSUGL2LH9SUXo8VwsY4soanhgo6LNSm84E1LBcE8s3O0wpdiRzyR9z/ZZJMlMWv37qOOb9pdJlMUEKFQ==
  
  ansi-styles@^4.0.0:
    version "4.3.0"
    resolved "https://registry.npmjs.org/ansi-styles/-/ansi-styles-4.3.0.tgz"
    integrity sha512-zbB9rCJAT1rbjiVDb2hqKFHNYLxgtk8NURxZ3IZwD3F6NtxbXZQCnnSi1Lkx+IDohdPlFp222wVALIheZJQSEg==
    dependencies:
      color-convert "^2.0.1"
  
  arg@^4.1.0:
    version "4.1.3"
    resolved "https://registry.npmjs.org/arg/-/arg-4.1.3.tgz"
    integrity sha512-58S9QDqG0Xx27YwPSt9fJxivjYl432YCwfDMfZ+71RAqUrZef7LrKQZ3LHLOwCS4FLNBplP533Zx895SeOCHvA==
  
  array-flatten@1.1.1:
    version "1.1.1"
    resolved "https://registry.npmjs.org/array-flatten/-/array-flatten-1.1.1.tgz"
    integrity sha512-PCVAQswWemu6UdxsDFFX/+gVeYqKAod3D3UVm91jHwynguOwAvYPhx8nNlM++NqRcK6CxxpUafjmhIdKiHibqg==
  
  bignumber.js@^9.0.0:
    version "9.1.2"
    resolved "https://registry.npmjs.org/bignumber.js/-/bignumber.js-9.1.2.tgz"
    integrity sha512-2/mKyZH9K85bzOEfhXDBFZTGd1CTs+5IHpeFQo9luiBG7hghdC851Pj2WAhb6E3R6b9tZj/XKhbg4fum+Kepug==
  
  body-parser@1.20.2:
    version "1.20.2"
    resolved "https://registry.npmjs.org/body-parser/-/body-parser-1.20.2.tgz"
    integrity sha512-ml9pReCu3M61kGlqoTm2umSXTlRTuGTx0bfYj+uIUKKYycG5NtSbeetV3faSU6R7ajOPw0g/J1PvK4qNy7s5bA==
    dependencies:
      bytes "3.1.2"
      content-type "~1.0.5"
      debug "2.6.9"
      depd "2.0.0"
      destroy "1.2.0"
      http-errors "2.0.0"
      iconv-lite "0.4.24"
      on-finished "2.4.1"
      qs "6.11.0"
      raw-body "2.5.2"
      type-is "~1.6.18"
      unpipe "1.0.0"
  
  bytes@3.1.2:
    version "3.1.2"
    resolved "https://registry.npmjs.org/bytes/-/bytes-3.1.2.tgz"
    integrity sha512-/Nf7TyzTx6S3yRJObOAV7956r8cr2+Oj8AC5dt8wSP3BQAoeX58NoHyCU8P8zGkNXStjTSi6fzO6F0pBdcYbEg==
  
  call-bind@^1.0.7:
    version "1.0.7"
    resolved "https://registry.npmjs.org/call-bind/-/call-bind-1.0.7.tgz"
    integrity sha512-GHTSNSYICQ7scH7sZ+M2rFopRoLh8t2bLSW6BbgrtLsahOIB5iyAVJf9GjWK3cYTDaMj4XdBpM1cA6pIS0Kv2w==
    dependencies:
      es-define-property "^1.0.0"
      es-errors "^1.3.0"
      function-bind "^1.1.2"
      get-intrinsic "^1.2.4"
      set-function-length "^1.2.1"
  
  cjs-module-lexer@^1.2.2:
    version "1.3.1"
    resolved "https://registry.npmjs.org/cjs-module-lexer/-/cjs-module-lexer-1.3.1.tgz"
    integrity sha512-a3KdPAANPbNE4ZUv9h6LckSl9zLsYOP4MBmhIPkRaeyybt+r4UghLvq+xw/YwUcC1gqylCkL4rdVs3Lwupjm4Q==
  
  cliui@^8.0.1:
    version "8.0.1"
    resolved "https://registry.npmjs.org/cliui/-/cliui-8.0.1.tgz"
    integrity sha512-BSeNnyus75C4//NQ9gQt1/csTXyo/8Sb+afLAkzAptFuMsod9HFokGNudZpi/oQV73hnVK+sR+5PVRMd+Dr7YQ==
    dependencies:
      string-width "^4.2.0"
      strip-ansi "^6.0.1"
      wrap-ansi "^7.0.0"
  
  color-convert@^2.0.1:
    version "2.0.1"
    resolved "https://registry.npmjs.org/color-convert/-/color-convert-2.0.1.tgz"
    integrity sha512-RRECPsj7iu/xb5oKYcsFHSppFNnsj/52OVTRKb4zP5onXwVF3zVmmToNcOfGC+CRDpfK/U584fMg38ZHCaElKQ==
    dependencies:
      color-name "~1.1.4"
  
  color-name@~1.1.4:
    version "1.1.4"
    resolved "https://registry.npmjs.org/color-name/-/color-name-1.1.4.tgz"
    integrity sha512-dOy+3AuW3a2wNbZHIuMZpTcgjGuLU/uBL/ubcZF9OXbDo8ff4O8yVp5Bf0efS8uEoYo5q4Fx7dY9OgQGXgAsQA==
  
  content-disposition@0.5.4:
    version "0.5.4"
    resolved "https://registry.npmjs.org/content-disposition/-/content-disposition-0.5.4.tgz"
    integrity sha512-FveZTNuGw04cxlAiWbzi6zTAL/lhehaWbTtgluJh4/E95DqMwTmha3KZN1aAWA8cFIhHzMZUvLevkw5Rqk+tSQ==
    dependencies:
      safe-buffer "5.2.1"
  
  content-type@~1.0.4, content-type@~1.0.5:
    version "1.0.5"
    resolved "https://registry.npmjs.org/content-type/-/content-type-1.0.5.tgz"
    integrity sha512-nTjqfcBFEipKdXCv4YDQWCfmcLZKm81ldF0pAopTvyrFGVbcR6P/VAAd5G7N+0tTr8QqiU0tFadD6FK4NtJwOA==
  
  cookie-signature@1.0.6:
    version "1.0.6"
    resolved "https://registry.npmjs.org/cookie-signature/-/cookie-signature-1.0.6.tgz"
    integrity sha512-QADzlaHc8icV8I7vbaJXJwod9HWYp8uCqf1xa4OfNu1T7JVxQIrUgOWtHdNDtPiywmFbiS12VjotIXLrKM3orQ==
  
  cookie@0.6.0:
    version "0.6.0"
    resolved "https://registry.npmjs.org/cookie/-/cookie-0.6.0.tgz"
    integrity sha512-U71cyTamuh1CRNCfpGY6to28lxvNwPG4Guz/EVjgf3Jmzv0vlDp1atT9eS5dDjMYHucpHbWns6Lwf3BKz6svdw==
  
  create-require@^1.1.0:
    version "1.1.1"
    resolved "https://registry.npmjs.org/create-require/-/create-require-1.1.1.tgz"
    integrity sha512-dcKFX3jn0MpIaXjisoRvexIJVEKzaq7z2rZKxf+MSr9TkdmHmsU4m2lcLojrj/FHl8mk5VxMmYA+ftRkP/3oKQ==
  
  debug@2.6.9:
    version "2.6.9"
    resolved "https://registry.npmjs.org/debug/-/debug-2.6.9.tgz"
    integrity sha512-bC7ElrdJaJnPbAP+1EotYvqZsb3ecl5wi6Bfi6BJTUcNowp6cvspg0jXznRTKDjm/E7AdgFBVeAPVMNcKGsHMA==
    dependencies:
      ms "2.0.0"
  
  debug@4, debug@^4.1.1, debug@^4.3.4:
    version "4.3.5"
    resolved "https://registry.npmjs.org/debug/-/debug-4.3.5.tgz"
    integrity sha512-pt0bNEmneDIvdL1Xsd9oDQ/wrQRkXDT4AUWlNZNPKvW5x/jyO9VFXkJUP07vQ2upmw5PlaITaPKc31jK13V+jg==
    dependencies:
      ms "2.1.2"
  
  define-data-property@^1.1.4:
    version "1.1.4"
    resolved "https://registry.npmjs.org/define-data-property/-/define-data-property-1.1.4.tgz"
    integrity sha512-rBMvIzlpA8v6E+SJZoo++HAYqsLrkg7MSfIinMPFhmkorw7X+dOXVJQs+QT69zGkzMyfDnIMN2Wid1+NbL3T+A==
    dependencies:
      es-define-property "^1.0.0"
      es-errors "^1.3.0"
      gopd "^1.0.1"
  
  depd@2.0.0:
    version "2.0.0"
    resolved "https://registry.npmjs.org/depd/-/depd-2.0.0.tgz"
    integrity sha512-g7nH6P6dyDioJogAAGprGpCtVImJhpPk/roCzdb3fIh61/s/nPsfR6onyMwkCAR/OlC3yBC0lESvUoQEAssIrw==
  
  destroy@1.2.0:
    version "1.2.0"
    resolved "https://registry.npmjs.org/destroy/-/destroy-1.2.0.tgz"
    integrity sha512-2sJGJTaXIIaR1w4iJSNoN0hnMY7Gpc/n8D4qSCJw8QqFWXf7cuAgnEHxBpweaVcPevC2l3KpjYCx3NypQQgaJg==
  
  diff@^4.0.1:
    version "4.0.2"
    resolved "https://registry.npmjs.org/diff/-/diff-4.0.2.tgz"
    integrity sha512-58lmxKSA4BNyLz+HHMUzlOEpg09FV+ev6ZMe3vJihgdxzgcwZ8VoEEPmALCZG9LmqfVoNMMKpttIYTVG6uDY7A==
  
  ee-first@1.1.1:
    version "1.1.1"
    resolved "https://registry.npmjs.org/ee-first/-/ee-first-1.1.1.tgz"
    integrity sha512-WMwm9LhRUo+WUaRN+vRuETqG89IgZphVSNkdFgeb6sS/E4OrDIN7t48CAewSHXc6C8lefD8KKfr5vY61brQlow==
  
  emoji-regex@^8.0.0:
    version "8.0.0"
    resolved "https://registry.npmjs.org/emoji-regex/-/emoji-regex-8.0.0.tgz"
    integrity sha512-MSjYzcWNOA0ewAHpz0MxpYFvwg6yjy1NG3xteoqz644VCo/RPgnr1/GGt+ic3iJTzQ8Eu3TdM14SawnVUmGE6A==
  
  encodeurl@~1.0.2:
    version "1.0.2"
    resolved "https://registry.npmjs.org/encodeurl/-/encodeurl-1.0.2.tgz"
    integrity sha512-TPJXq8JqFaVYm2CWmPvnP2Iyo4ZSM7/QKcSmuMLDObfpH5fi7RUGmd/rTDf+rut/saiDiQEeVTNgAmJEdAOx0w==
  
  es-define-property@^1.0.0:
    version "1.0.0"
    resolved "https://registry.npmjs.org/es-define-property/-/es-define-property-1.0.0.tgz"
    integrity sha512-jxayLKShrEqqzJ0eumQbVhTYQM27CfT1T35+gCgDFoL82JLsXqTJ76zv6A0YLOgEnLUMvLzsDsGIrl8NFpT2gQ==
    dependencies:
      get-intrinsic "^1.2.4"
  
  es-errors@^1.3.0:
    version "1.3.0"
    resolved "https://registry.npmjs.org/es-errors/-/es-errors-1.3.0.tgz"
    integrity sha512-Zf5H2Kxt2xjTvbJvP2ZWLEICxA6j+hAmMzIlypy4xcBg1vKVnx89Wy0GbS+kf5cwCVFFzdCFh2XSCFNULS6csw==
  
  escalade@^3.1.1:
    version "3.1.2"
    resolved "https://registry.npmjs.org/escalade/-/escalade-3.1.2.tgz"
    integrity sha512-ErCHMCae19vR8vQGe50xIsVomy19rg6gFu3+r3jkEO46suLMWBksvVyoGgQV+jOfl84ZSOSlmv6Gxa89PmTGmA==
  
  escape-html@~1.0.3:
    version "1.0.3"
    resolved "https://registry.npmjs.org/escape-html/-/escape-html-1.0.3.tgz"
    integrity sha512-NiSupZ4OeuGwr68lGIeym/ksIZMJodUGOSCZ/FSnTxcrekbvqrgdUxlJOMpijaKZVjAJrWrGs/6Jy8OMuyj9ow==
  
  etag@~1.8.1:
    version "1.8.1"
    resolved "https://registry.npmjs.org/etag/-/etag-1.8.1.tgz"
    integrity sha512-aIL5Fx7mawVa300al2BnEE4iNvo1qETxLrPI/o05L7z6go7fCw1J6EQmbK4FmJ2AS7kgVF/KEZWufBfdClMcPg==
  
  express@^4.19.2:
    version "4.19.2"
    resolved "https://registry.npmjs.org/express/-/express-4.19.2.tgz"
    integrity sha512-5T6nhjsT+EOMzuck8JjBHARTHfMht0POzlA60WV2pMD3gyXw2LZnZ+ueGdNxG+0calOJcWKbpFcuzLZ91YWq9Q==
    dependencies:
      accepts "~1.3.8"
      array-flatten "1.1.1"
      body-parser "1.20.2"
      content-disposition "0.5.4"
      content-type "~1.0.4"
      cookie "0.6.0"
      cookie-signature "1.0.6"
      debug "2.6.9"
      depd "2.0.0"
      encodeurl "~1.0.2"
      escape-html "~1.0.3"
      etag "~1.8.1"
      finalhandler "1.2.0"
      fresh "0.5.2"
      http-errors "2.0.0"
      merge-descriptors "1.0.1"
      methods "~1.1.2"
      on-finished "2.4.1"
      parseurl "~1.3.3"
      path-to-regexp "0.1.7"
      proxy-addr "~2.0.7"
      qs "6.11.0"
      range-parser "~1.2.1"
      safe-buffer "5.2.1"
      send "0.18.0"
      serve-static "1.15.0"
      setprototypeof "1.2.0"
      statuses "2.0.1"
      type-is "~1.6.18"
      utils-merge "1.0.1"
      vary "~1.1.2"
  
  extend@^3.0.2:
    version "3.0.2"
    resolved "https://registry.npmjs.org/extend/-/extend-3.0.2.tgz"
    integrity sha512-fjquC59cD7CyW6urNXK0FBufkZcoiGG80wTuPujX590cB5Ttln20E2UB4S/WARVqhXffZl2LNgS+gQdPIIim/g==
  
  finalhandler@1.2.0:
    version "1.2.0"
    resolved "https://registry.npmjs.org/finalhandler/-/finalhandler-1.2.0.tgz"
    integrity sha512-5uXcUVftlQMFnWC9qu/svkWv3GTd2PfUhK/3PLkYNAe7FbqJMt3515HaxE6eRL74GdsriiwujiawdaB1BpEISg==
    dependencies:
      debug "2.6.9"
      encodeurl "~1.0.2"
      escape-html "~1.0.3"
      on-finished "2.4.1"
      parseurl "~1.3.3"
      statuses "2.0.1"
      unpipe "~1.0.0"
  
  forwarded@0.2.0:
    version "0.2.0"
    resolved "https://registry.npmjs.org/forwarded/-/forwarded-0.2.0.tgz"
    integrity sha512-buRG0fpBtRHSTCOASe6hD258tEubFoRLb4ZNA6NxMVHNw2gOcwHo9wyablzMzOA5z9xA9L1KNjk/Nt6MT9aYow==
  
  fresh@0.5.2:
    version "0.5.2"
    resolved "https://registry.npmjs.org/fresh/-/fresh-0.5.2.tgz"
    integrity sha512-zJ2mQYM18rEFOudeV4GShTGIQ7RbzA7ozbU9I/XBpm7kqgMywgmylMwXHxZJmkVoYkna9d2pVXVXPdYTP9ej8Q==
  
  function-bind@^1.1.2:
    version "1.1.2"
    resolved "https://registry.npmjs.org/function-bind/-/function-bind-1.1.2.tgz"
    integrity sha512-7XHNxH7qX9xG5mIwxkhumTox/MIRNcOgDrxWsMt2pAr23WHp6MrRlN7FBSFpCpr+oVO0F744iUgR82nJMfG2SA==
  
  gaxios@^6.0.0:
    version "6.7.0"
    resolved "https://registry.npmjs.org/gaxios/-/gaxios-6.7.0.tgz"
    integrity sha512-DSrkyMTfAnAm4ks9Go20QGOcXEyW/NmZhvTYBU2rb4afBB393WIMQPWPEDMl/k8xqiNN9HYq2zao3oWXsdl2Tg==
    dependencies:
      extend "^3.0.2"
      https-proxy-agent "^7.0.1"
      is-stream "^2.0.0"
      node-fetch "^2.6.9"
      uuid "^10.0.0"
  
  gcp-metadata@^6.0.0:
    version "6.1.0"
    resolved "https://registry.npmjs.org/gcp-metadata/-/gcp-metadata-6.1.0.tgz"
    integrity sha512-Jh/AIwwgaxan+7ZUUmRLCjtchyDiqh4KjBJ5tW3plBZb5iL/BPcso8A5DlzeD9qlw0duCamnNdpFjxwaT0KyKg==
    dependencies:
      gaxios "^6.0.0"
      json-bigint "^1.0.0"
  
  get-caller-file@^2.0.5:
    version "2.0.5"
    resolved "https://registry.npmjs.org/get-caller-file/-/get-caller-file-2.0.5.tgz"
    integrity sha512-DyFP3BM/3YHTQOCUL/w0OZHR0lpKeGrxotcHWcqNEdnltqFwXVfhEBQ94eIo34AfQpo0rGki4cyIiftY06h2Fg==
  
  get-intrinsic@^1.1.3, get-intrinsic@^1.2.4:
    version "1.2.4"
    resolved "https://registry.npmjs.org/get-intrinsic/-/get-intrinsic-1.2.4.tgz"
    integrity sha512-5uYhsJH8VJBTv7oslg4BznJYhDoRI6waYCxMmCdnTrcCrHA/fCFKoTFz2JKKE0HdDFUF7/oQuhzumXJK7paBRQ==
    dependencies:
      es-errors "^1.3.0"
      function-bind "^1.1.2"
      has-proto "^1.0.1"
      has-symbols "^1.0.3"
      hasown "^2.0.0"
  
  gopd@^1.0.1:
    version "1.0.1"
    resolved "https://registry.npmjs.org/gopd/-/gopd-1.0.1.tgz"
    integrity sha512-d65bNlIadxvpb/A2abVdlqKqV563juRnZ1Wtk6s1sIR8uNsXR70xqIzVqxVf1eTqDunwT2MkczEeaezCKTZhwA==
    dependencies:
      get-intrinsic "^1.1.3"
  
  has-property-descriptors@^1.0.2:
    version "1.0.2"
    resolved "https://registry.npmjs.org/has-property-descriptors/-/has-property-descriptors-1.0.2.tgz"
    integrity sha512-55JNKuIW+vq4Ke1BjOTjM2YctQIvCT7GFzHwmfZPGo5wnrgkid0YQtnAleFSqumZm4az3n2BS+erby5ipJdgrg==
    dependencies:
      es-define-property "^1.0.0"
  
  has-proto@^1.0.1:
    version "1.0.3"
    resolved "https://registry.npmjs.org/has-proto/-/has-proto-1.0.3.tgz"
    integrity sha512-SJ1amZAJUiZS+PhsVLf5tGydlaVB8EdFpaSO4gmiUKUOxk8qzn5AIy4ZeJUmh22znIdk/uMAUT2pl3FxzVUH+Q==
  
  has-symbols@^1.0.3:
    version "1.0.3"
    resolved "https://registry.npmjs.org/has-symbols/-/has-symbols-1.0.3.tgz"
    integrity sha512-l3LCuF6MgDNwTDKkdYGEihYjt5pRPbEg46rtlmnSPlUbgmB8LOIrKJbYYFBSbnPaJexMKtiPO8hmeRjRz2Td+A==
  
  hasown@^2.0.0, hasown@^2.0.2:
    version "2.0.2"
    resolved "https://registry.npmjs.org/hasown/-/hasown-2.0.2.tgz"
    integrity sha512-0hJU9SCPvmMzIBdZFqNPXWa6dqh7WdH0cII9y+CyS8rG3nL48Bclra9HmKhVVUHyPWNH5Y7xDwAB7bfgSjkUMQ==
    dependencies:
      function-bind "^1.1.2"
  
  http-errors@2.0.0:
    version "2.0.0"
    resolved "https://registry.npmjs.org/http-errors/-/http-errors-2.0.0.tgz"
    integrity sha512-FtwrG/euBzaEjYeRqOgly7G0qviiXoJWnvEH2Z1plBdXgbyjv34pHTSb9zoeHMyDy33+DWy5Wt9Wo+TURtOYSQ==
    dependencies:
      depd "2.0.0"
      inherits "2.0.4"
      setprototypeof "1.2.0"
      statuses "2.0.1"
      toidentifier "1.0.1"
  
  https-proxy-agent@^7.0.1:
    version "7.0.5"
    resolved "https://registry.npmjs.org/https-proxy-agent/-/https-proxy-agent-7.0.5.tgz"
    integrity sha512-1e4Wqeblerz+tMKPIq2EMGiiWW1dIjZOksyHWSUm1rmuvw/how9hBHZ38lAGj5ID4Ik6EdkOw7NmWPy6LAwalw==
    dependencies:
      agent-base "^7.0.2"
      debug "4"
  
  iconv-lite@0.4.24:
    version "0.4.24"
    resolved "https://registry.npmjs.org/iconv-lite/-/iconv-lite-0.4.24.tgz"
    integrity sha512-v3MXnZAcvnywkTUEZomIActle7RXXeedOR31wwl7VlyoXO4Qi9arvSenNQWne1TcRwhCL1HwLI21bEqdpj8/rA==
    dependencies:
      safer-buffer ">= 2.1.2 < 3"
  
  import-in-the-middle@^1.8.1:
    version "1.9.1"
    resolved "https://registry.npmjs.org/import-in-the-middle/-/import-in-the-middle-1.9.1.tgz"
    integrity sha512-E+3tEOutU1MV0mxhuCwfSPNNWRkbTJ3/YyL5be+blNIbHwZc53uYHQfuIhAU77xWR0BoF2eT7cqDJ6VlU5APPg==
    dependencies:
      acorn "^8.8.2"
      acorn-import-attributes "^1.9.5"
      cjs-module-lexer "^1.2.2"
      module-details-from-path "^1.0.3"
  
  inherits@2.0.4:
    version "2.0.4"
    resolved "https://registry.npmjs.org/inherits/-/inherits-2.0.4.tgz"
    integrity sha512-k/vGaX4/Yla3WzyMCvTQOXYeIHvqOKtnqBduzTHpzpQZzAskKMhZ2K+EnBiSM9zGSoIFeMpXKxa4dYeZIQqewQ==
  
  ipaddr.js@1.9.1:
    version "1.9.1"
    resolved "https://registry.npmjs.org/ipaddr.js/-/ipaddr.js-1.9.1.tgz"
    integrity sha512-0KI/607xoxSToH7GjN1FfSbLoU0+btTicjsQSWQlh/hZykN8KpmMf7uYwPW3R+akZ6R/w18ZlXSHBYXiYUPO3g==
  
  is-core-module@^2.13.0:
    version "2.14.0"
    resolved "https://registry.npmjs.org/is-core-module/-/is-core-module-2.14.0.tgz"
    integrity sha512-a5dFJih5ZLYlRtDc0dZWP7RiKr6xIKzmn/oAYCDvdLThadVgyJwlaoQPmRtMSpz+rk0OGAgIu+TcM9HUF0fk1A==
    dependencies:
      hasown "^2.0.2"
  
  is-fullwidth-code-point@^3.0.0:
    version "3.0.0"
    resolved "https://registry.npmjs.org/is-fullwidth-code-point/-/is-fullwidth-code-point-3.0.0.tgz"
    integrity sha512-zymm5+u+sCsSWyD9qNaejV3DFvhCKclKdizYaJUuHA83RLjb7nSuGnddCHGv0hk+KY7BMAlsWeK4Ueg6EV6XQg==
  
  is-stream@^2.0.0:
    version "2.0.1"
    resolved "https://registry.npmjs.org/is-stream/-/is-stream-2.0.1.tgz"
    integrity sha512-hFoiJiTl63nn+kstHGBtewWSKnQLpyb155KHheA1l39uvtO9nWIop1p3udqPcUd/xbF1VLMO4n7OI6p7RbngDg==
  
  json-bigint@^1.0.0:
    version "1.0.0"
    resolved "https://registry.npmjs.org/json-bigint/-/json-bigint-1.0.0.tgz"
    integrity sha512-SiPv/8VpZuWbvLSMtTDU8hEfrZWg/mH/nV/b4o0CYbSxu1UIQPLdwKOCIyLQX+VIPO5vrLX3i8qtqFyhdPSUSQ==
    dependencies:
      bignumber.js "^9.0.0"
  
  lodash.camelcase@^4.3.0:
    version "4.3.0"
    resolved "https://registry.npmjs.org/lodash.camelcase/-/lodash.camelcase-4.3.0.tgz"
    integrity sha512-TwuEnCnxbc3rAvhf/LbG7tJUDzhqXyFnv3dtzLOPgCG/hODL7WFnsbwktkD7yUV0RrreP/l1PALq/YSg6VvjlA==
  
  lodash.merge@^4.6.2:
    version "4.6.2"
    resolved "https://registry.npmjs.org/lodash.merge/-/lodash.merge-4.6.2.tgz"
    integrity sha512-0KpjqXRVvrYyCsX1swR/XTK0va6VQkQM6MNo7PqW77ByjAhoARA8EfrP1N4+KlKj8YS0ZUCtRT/YUuhyYDujIQ==
  
  long@^5.0.0:
    version "5.2.3"
    resolved "https://registry.npmjs.org/long/-/long-5.2.3.tgz"
    integrity sha512-lcHwpNoggQTObv5apGNCTdJrO69eHOZMi4BNC+rTLER8iHAqGrUVeLh/irVIM7zTw2bOXA8T6uNPeujwOLg/2Q==
  
  make-error@^1.1.1:
    version "1.3.6"
    resolved "https://registry.npmjs.org/make-error/-/make-error-1.3.6.tgz"
    integrity sha512-s8UhlNe7vPKomQhC1qFelMokr/Sc3AgNbso3n74mVPA5LTZwkB9NlXf4XPamLxJE8h0gh73rM94xvwRT2CVInw==
  
  media-typer@0.3.0:
    version "0.3.0"
    resolved "https://registry.npmjs.org/media-typer/-/media-typer-0.3.0.tgz"
    integrity sha512-dq+qelQ9akHpcOl/gUVRTxVIOkAJ1wR3QAvb4RsVjS8oVoFjDGTc679wJYmUmknUF5HwMLOgb5O+a3KxfWapPQ==
  
  merge-descriptors@1.0.1:
    version "1.0.1"
    resolved "https://registry.npmjs.org/merge-descriptors/-/merge-descriptors-1.0.1.tgz"
    integrity sha512-cCi6g3/Zr1iqQi6ySbseM1Xvooa98N0w31jzUYrXPX2xqObmFGHJ0tQ5u74H3mVh7wLouTseZyYIq39g8cNp1w==
  
  methods@~1.1.2:
    version "1.1.2"
    resolved "https://registry.npmjs.org/methods/-/methods-1.1.2.tgz"
    integrity sha512-iclAHeNqNm68zFtnZ0e+1L2yUIdvzNoauKU4WBA3VvH/vPFieF7qfRlwUZU+DA9P9bPXIS90ulxoUoCH23sV2w==
  
  mime-db@1.52.0:
    version "1.52.0"
    resolved "https://registry.npmjs.org/mime-db/-/mime-db-1.52.0.tgz"
    integrity sha512-sPU4uV7dYlvtWJxwwxHD0PuihVNiE7TyAbQ5SWxDCB9mUYvOgroQOwYQQOKPJ8CIbE+1ETVlOoK1UC2nU3gYvg==
  
  mime-types@~2.1.24, mime-types@~2.1.34:
    version "2.1.35"
    resolved "https://registry.npmjs.org/mime-types/-/mime-types-2.1.35.tgz"
    integrity sha512-ZDY+bPm5zTTF+YpCrAU9nK0UgICYPT0QtT1NZWFv4s++TNkcgVaT0g6+4R2uI4MjQjzysHB1zxuWL50hzaeXiw==
    dependencies:
      mime-db "1.52.0"
  
  mime@1.6.0:
    version "1.6.0"
    resolved "https://registry.npmjs.org/mime/-/mime-1.6.0.tgz"
    integrity sha512-x0Vn8spI+wuJ1O6S7gnbaQg8Pxh4NNHb7KSINmEWKiPE4RKOplvijn+NkmYmmRgP68mc70j2EbeTFRsrswaQeg==
  
  module-details-from-path@^1.0.3:
    version "1.0.3"
    resolved "https://registry.npmjs.org/module-details-from-path/-/module-details-from-path-1.0.3.tgz"
    integrity sha512-ySViT69/76t8VhE1xXHK6Ch4NcDd26gx0MzKXLO+F7NOtnqH68d9zF94nT8ZWSxXh8ELOERsnJO/sWt1xZYw5A==
  
  ms@2.0.0:
    version "2.0.0"
    resolved "https://registry.npmjs.org/ms/-/ms-2.0.0.tgz"
    integrity sha512-Tpp60P6IUJDTuOq/5Z8cdskzJujfwqfOTkrwIwj7IRISpnkJnT6SyJ4PCPnGMoFjC9ddhal5KVIYtAt97ix05A==
  
  ms@2.1.2:
    version "2.1.2"
    resolved "https://registry.npmjs.org/ms/-/ms-2.1.2.tgz"
    integrity sha512-sGkPx+VjMtmA6MX27oA4FBFELFCZZ4S4XqeGOXCv68tT+jb3vk/RyaKWP0PTKyWtmLSM0b+adUTEvbs1PEaH2w==
  
  ms@2.1.3:
    version "2.1.3"
    resolved "https://registry.npmjs.org/ms/-/ms-2.1.3.tgz"
    integrity sha512-6FlzubTLZG3J2a/NVCAleEhjzq5oxgHyaCU9yYXvcLsvoVaHJq/s5xXI6/XXP6tz7R9xAOtHnSO/tXtF3WRTlA==
  
  negotiator@0.6.3:
    version "0.6.3"
    resolved "https://registry.npmjs.org/negotiator/-/negotiator-0.6.3.tgz"
    integrity sha512-+EUsqGPLsM+j/zdChZjsnX51g4XrHFOIXwfnCVPGlQk/k5giakcKsuxCObBRu6DSm9opw/O6slWbJdghQM4bBg==
  
  node-fetch@^2.6.9:
    version "2.7.0"
    resolved "https://registry.npmjs.org/node-fetch/-/node-fetch-2.7.0.tgz"
    integrity sha512-c4FRfUm/dbcWZ7U+1Wq0AwCyFL+3nt2bEw05wfxSz+DWpWsitgmSgYmy2dQdWyKC1694ELPqMs/YzUSNozLt8A==
    dependencies:
      whatwg-url "^5.0.0"
  
  object-inspect@^1.13.1:
    version "1.13.2"
    resolved "https://registry.npmjs.org/object-inspect/-/object-inspect-1.13.2.tgz"
    integrity sha512-IRZSRuzJiynemAXPYtPe5BoI/RESNYR7TYm50MC5Mqbd3Jmw5y790sErYw3V6SryFJD64b74qQQs9wn5Bg/k3g==
  
  obuf@~1.1.2:
    version "1.1.2"
    resolved "https://registry.npmjs.org/obuf/-/obuf-1.1.2.tgz"
    integrity sha512-PX1wu0AmAdPqOL1mWhqmlOd8kOIZQwGZw6rh7uby9fTc5lhaOWFLX3I6R1hrF9k3zUY40e6igsLGkDXK92LJNg==
  
  on-finished@2.4.1:
    version "2.4.1"
    resolved "https://registry.npmjs.org/on-finished/-/on-finished-2.4.1.tgz"
    integrity sha512-oVlzkg3ENAhCk2zdv7IJwd/QUD4z2RxRwpkcGY8psCVcCYZNq4wYnVWALHM+brtuJjePWiYF/ClmuDr8Ch5+kg==
    dependencies:
      ee-first "1.1.1"
  
  parseurl@~1.3.3:
    version "1.3.3"
    resolved "https://registry.npmjs.org/parseurl/-/parseurl-1.3.3.tgz"
    integrity sha512-CiyeOxFT/JZyN5m0z9PfXw4SCBJ6Sygz1Dpl0wqjlhDEGGBP1GnsUVEL0p63hoG1fcj3fHynXi9NYO4nWOL+qQ==
  
  path-parse@^1.0.7:
    version "1.0.7"
    resolved "https://registry.npmjs.org/path-parse/-/path-parse-1.0.7.tgz"
    integrity sha512-LDJzPVEEEPR+y48z93A0Ed0yXb8pAByGWo/k5YYdYgpY2/2EsOsksJrq7lOHxryrVOn1ejG6oAp8ahvOIQD8sw==
  
  path-to-regexp@0.1.7:
    version "0.1.7"
    resolved "https://registry.npmjs.org/path-to-regexp/-/path-to-regexp-0.1.7.tgz"
    integrity sha512-5DFkuoqlv1uYQKxy8omFBeJPQcdoE07Kv2sferDCrAq1ohOU+MSDswDIbnx3YAM60qIOnYa53wBhXW0EbMonrQ==
  
  pg-int8@1.0.1:
    version "1.0.1"
    resolved "https://registry.npmjs.org/pg-int8/-/pg-int8-1.0.1.tgz"
    integrity sha512-WCtabS6t3c8SkpDBUlb1kjOs7l66xsGdKpIPZsg4wR+B3+u9UAum2odSsF9tnvxg80h4ZxLWMy4pRjOsFIqQpw==
  
  pg-numeric@1.0.2:
    version "1.0.2"
    resolved "https://registry.npmjs.org/pg-numeric/-/pg-numeric-1.0.2.tgz"
    integrity sha512-BM/Thnrw5jm2kKLE5uJkXqqExRUY/toLHda65XgFTBTFYZyopbKjBe29Ii3RbkvlsMoFwD+tHeGaCjjv0gHlyw==
  
  pg-protocol@*:
    version "1.6.1"
    resolved "https://registry.npmjs.org/pg-protocol/-/pg-protocol-1.6.1.tgz"
    integrity sha512-jPIlvgoD63hrEuihvIg+tJhoGjUsLPn6poJY9N5CnlPd91c2T18T/9zBtLxZSb1EhYxBRoZJtzScCaWlYLtktg==
  
  pg-types@^2.2.0:
    version "2.2.0"
    resolved "https://registry.npmjs.org/pg-types/-/pg-types-2.2.0.tgz"
    integrity sha512-qTAAlrEsl8s4OiEQY69wDvcMIdQN6wdz5ojQiOy6YRMuynxenON0O5oCpJI6lshc6scgAY8qvJ2On/p+CXY0GA==
    dependencies:
      pg-int8 "1.0.1"
      postgres-array "~2.0.0"
      postgres-bytea "~1.0.0"
      postgres-date "~1.0.4"
      postgres-interval "^1.1.0"
  
  pg-types@^4.0.1:
    version "4.0.2"
    resolved "https://registry.npmjs.org/pg-types/-/pg-types-4.0.2.tgz"
    integrity sha512-cRL3JpS3lKMGsKaWndugWQoLOCoP+Cic8oseVcbr0qhPzYD5DWXK+RZ9LY9wxRf7RQia4SCwQlXk0q6FCPrVng==
    dependencies:
      pg-int8 "1.0.1"
      pg-numeric "1.0.2"
      postgres-array "~3.0.1"
      postgres-bytea "~3.0.0"
      postgres-date "~2.1.0"
      postgres-interval "^3.0.0"
      postgres-range "^1.1.1"
  
  postgres-array@~2.0.0:
    version "2.0.0"
    resolved "https://registry.npmjs.org/postgres-array/-/postgres-array-2.0.0.tgz"
    integrity sha512-VpZrUqU5A69eQyW2c5CA1jtLecCsN2U/bD6VilrFDWq5+5UIEVO7nazS3TEcHf1zuPYO/sqGvUvW62g86RXZuA==
  
  postgres-array@~3.0.1:
    version "3.0.2"
    resolved "https://registry.npmjs.org/postgres-array/-/postgres-array-3.0.2.tgz"
    integrity sha512-6faShkdFugNQCLwucjPcY5ARoW1SlbnrZjmGl0IrrqewpvxvhSLHimCVzqeuULCbG0fQv7Dtk1yDbG3xv7Veog==
  
  postgres-bytea@~1.0.0:
    version "1.0.0"
    resolved "https://registry.npmjs.org/postgres-bytea/-/postgres-bytea-1.0.0.tgz"
    integrity sha512-xy3pmLuQqRBZBXDULy7KbaitYqLcmxigw14Q5sj8QBVLqEwXfeybIKVWiqAXTlcvdvb0+xkOtDbfQMOf4lST1w==
  
  postgres-bytea@~3.0.0:
    version "3.0.0"
    resolved "https://registry.npmjs.org/postgres-bytea/-/postgres-bytea-3.0.0.tgz"
    integrity sha512-CNd4jim9RFPkObHSjVHlVrxoVQXz7quwNFpz7RY1okNNme49+sVyiTvTRobiLV548Hx/hb1BG+iE7h9493WzFw==
    dependencies:
      obuf "~1.1.2"
  
  postgres-date@~1.0.4:
    version "1.0.7"
    resolved "https://registry.npmjs.org/postgres-date/-/postgres-date-1.0.7.tgz"
    integrity sha512-suDmjLVQg78nMK2UZ454hAG+OAW+HQPZ6n++TNDUX+L0+uUlLywnoxJKDou51Zm+zTCjrCl0Nq6J9C5hP9vK/Q==
  
  postgres-date@~2.1.0:
    version "2.1.0"
    resolved "https://registry.npmjs.org/postgres-date/-/postgres-date-2.1.0.tgz"
    integrity sha512-K7Juri8gtgXVcDfZttFKVmhglp7epKb1K4pgrkLxehjqkrgPhfG6OO8LHLkfaqkbpjNRnra018XwAr1yQFWGcA==
  
  postgres-interval@^1.1.0:
    version "1.2.0"
    resolved "https://registry.npmjs.org/postgres-interval/-/postgres-interval-1.2.0.tgz"
    integrity sha512-9ZhXKM/rw350N1ovuWHbGxnGh/SNJ4cnxHiM0rxE4VN41wsg8P8zWn9hv/buK00RP4WvlOyr/RBDiptyxVbkZQ==
    dependencies:
      xtend "^4.0.0"
  
  postgres-interval@^3.0.0:
    version "3.0.0"
    resolved "https://registry.npmjs.org/postgres-interval/-/postgres-interval-3.0.0.tgz"
    integrity sha512-BSNDnbyZCXSxgA+1f5UU2GmwhoI0aU5yMxRGO8CdFEcY2BQF9xm/7MqKnYoM1nJDk8nONNWDk9WeSmePFhQdlw==
  
  postgres-range@^1.1.1:
    version "1.1.4"
    resolved "https://registry.npmjs.org/postgres-range/-/postgres-range-1.1.4.tgz"
    integrity sha512-i/hbxIE9803Alj/6ytL7UHQxRvZkI9O4Sy+J3HGc4F4oo/2eQAjTSNJ0bfxyse3bH0nuVesCk+3IRLaMtG3H6w==
  
  protobufjs@^7.2.5, protobufjs@^7.3.0:
    version "7.3.2"
    resolved "https://registry.npmjs.org/protobufjs/-/protobufjs-7.3.2.tgz"
    integrity sha512-RXyHaACeqXeqAKGLDl68rQKbmObRsTIn4TYVUUug1KfS47YWCo5MacGITEryugIgZqORCvJWEk4l449POg5Txg==
    dependencies:
      "@protobufjs/aspromise" "^1.1.2"
      "@protobufjs/base64" "^1.1.2"
      "@protobufjs/codegen" "^2.0.4"
      "@protobufjs/eventemitter" "^1.1.0"
      "@protobufjs/fetch" "^1.1.0"
      "@protobufjs/float" "^1.0.2"
      "@protobufjs/inquire" "^1.1.0"
      "@protobufjs/path" "^1.1.2"
      "@protobufjs/pool" "^1.1.0"
      "@protobufjs/utf8" "^1.1.0"
      "@types/node" ">=13.7.0"
      long "^5.0.0"
  
  proxy-addr@~2.0.7:
    version "2.0.7"
    resolved "https://registry.npmjs.org/proxy-addr/-/proxy-addr-2.0.7.tgz"
    integrity sha512-llQsMLSUDUPT44jdrU/O37qlnifitDP+ZwrmmZcoSKyLKvtZxpyV0n2/bD/N4tBAAZ/gJEdZU7KMraoK1+XYAg==
    dependencies:
      forwarded "0.2.0"
      ipaddr.js "1.9.1"
  
  qs@6.11.0:
    version "6.11.0"
    resolved "https://registry.npmjs.org/qs/-/qs-6.11.0.tgz"
    integrity sha512-MvjoMCJwEarSbUYk5O+nmoSzSutSsTwF85zcHPQ9OrlFoZOYIjaqBAJIqIXjptyD5vThxGq52Xu/MaJzRkIk4Q==
    dependencies:
      side-channel "^1.0.4"
  
  range-parser@~1.2.1:
    version "1.2.1"
    resolved "https://registry.npmjs.org/range-parser/-/range-parser-1.2.1.tgz"
    integrity sha512-Hrgsx+orqoygnmhFbKaHE6c296J+HTAQXoxEF6gNupROmmGJRoyzfG3ccAveqCBrwr/2yxQ5BVd/GTl5agOwSg==
  
  raw-body@2.5.2:
    version "2.5.2"
    resolved "https://registry.npmjs.org/raw-body/-/raw-body-2.5.2.tgz"
    integrity sha512-8zGqypfENjCIqGhgXToC8aB2r7YrBX+AQAfIPs/Mlk+BtPTztOvTS01NRW/3Eh60J+a48lt8qsCzirQ6loCVfA==
    dependencies:
      bytes "3.1.2"
      http-errors "2.0.0"
      iconv-lite "0.4.24"
      unpipe "1.0.0"
  
  require-directory@^2.1.1:
    version "2.1.1"
    resolved "https://registry.npmjs.org/require-directory/-/require-directory-2.1.1.tgz"
    integrity sha512-fGxEI7+wsG9xrvdjsrlmL22OMTTiHRwAMroiEeMgq8gzoLC/PQr7RsRDSTLUg/bZAZtF+TVIkHc6/4RIKrui+Q==
  
  require-in-the-middle@^7.1.1:
    version "7.3.0"
    resolved "https://registry.npmjs.org/require-in-the-middle/-/require-in-the-middle-7.3.0.tgz"
    integrity sha512-nQFEv9gRw6SJAwWD2LrL0NmQvAcO7FBwJbwmr2ttPAacfy0xuiOjE5zt+zM4xDyuyvUaxBi/9gb2SoCyNEVJcw==
    dependencies:
      debug "^4.1.1"
      module-details-from-path "^1.0.3"
      resolve "^1.22.1"
  
  resolve@^1.22.1:
    version "1.22.8"
    resolved "https://registry.npmjs.org/resolve/-/resolve-1.22.8.tgz"
    integrity sha512-oKWePCxqpd6FlLvGV1VU0x7bkPmmCNolxzjMf4NczoDnQcIWrAF+cPtZn5i6n+RfD2d9i0tzpKnG6Yk168yIyw==
    dependencies:
      is-core-module "^2.13.0"
      path-parse "^1.0.7"
      supports-preserve-symlinks-flag "^1.0.0"
  
  safe-buffer@5.2.1:
    version "5.2.1"
    resolved "https://registry.npmjs.org/safe-buffer/-/safe-buffer-5.2.1.tgz"
    integrity sha512-rp3So07KcdmmKbGvgaNxQSJr7bGVSVk5S9Eq1F+ppbRo70+YeaDxkw5Dd8NPN+GD6bjnYm2VuPuCXmpuYvmCXQ==
  
  "safer-buffer@>= 2.1.2 < 3":
    version "2.1.2"
    resolved "https://registry.npmjs.org/safer-buffer/-/safer-buffer-2.1.2.tgz"
    integrity sha512-YZo3K82SD7Riyi0E1EQPojLz7kpepnSQI9IyPbHHg1XXXevb5dJI7tpyN2ADxGcQbHG7vcyRHk0cbwqcQriUtg==
  
  semver@^7.5.2, semver@^7.5.4:
    version "7.6.2"
    resolved "https://registry.npmjs.org/semver/-/semver-7.6.2.tgz"
    integrity sha512-FNAIBWCx9qcRhoHcgcJ0gvU7SN1lYU2ZXuSfl04bSC5OpvDHFyJCjdNHomPXxjQlCBU67YW64PzY7/VIEH7F2w==
  
  send@0.18.0:
    version "0.18.0"
    resolved "https://registry.npmjs.org/send/-/send-0.18.0.tgz"
    integrity sha512-qqWzuOjSFOuqPjFe4NOsMLafToQQwBSOEpS+FwEt3A2V3vKubTquT3vmLTQpFgMXp8AlFWFuP1qKaJZOtPpVXg==
    dependencies:
      debug "2.6.9"
      depd "2.0.0"
      destroy "1.2.0"
      encodeurl "~1.0.2"
      escape-html "~1.0.3"
      etag "~1.8.1"
      fresh "0.5.2"
      http-errors "2.0.0"
      mime "1.6.0"
      ms "2.1.3"
      on-finished "2.4.1"
      range-parser "~1.2.1"
      statuses "2.0.1"
  
  serve-static@1.15.0:
    version "1.15.0"
    resolved "https://registry.npmjs.org/serve-static/-/serve-static-1.15.0.tgz"
    integrity sha512-XGuRDNjXUijsUL0vl6nSD7cwURuzEgglbOaFuZM9g3kwDXOWVTck0jLzjPzGD+TazWbboZYu52/9/XPdUgne9g==
    dependencies:
      encodeurl "~1.0.2"
      escape-html "~1.0.3"
      parseurl "~1.3.3"
      send "0.18.0"
  
  set-function-length@^1.2.1:
    version "1.2.2"
    resolved "https://registry.npmjs.org/set-function-length/-/set-function-length-1.2.2.tgz"
    integrity sha512-pgRc4hJ4/sNjWCSS9AmnS40x3bNMDTknHgL5UaMBTMyJnU90EgWh1Rz+MC9eFu4BuN/UwZjKQuY/1v3rM7HMfg==
    dependencies:
      define-data-property "^1.1.4"
      es-errors "^1.3.0"
      function-bind "^1.1.2"
      get-intrinsic "^1.2.4"
      gopd "^1.0.1"
      has-property-descriptors "^1.0.2"
  
  setprototypeof@1.2.0:
    version "1.2.0"
    resolved "https://registry.npmjs.org/setprototypeof/-/setprototypeof-1.2.0.tgz"
    integrity sha512-E5LDX7Wrp85Kil5bhZv46j8jOeboKq5JMmYM3gVGdGH8xFpPWXUMsNrlODCrkoxMEeNi/XZIwuRvY4XNwYMJpw==
  
  shimmer@^1.2.1:
    version "1.2.1"
    resolved "https://registry.npmjs.org/shimmer/-/shimmer-1.2.1.tgz"
    integrity sha512-sQTKC1Re/rM6XyFM6fIAGHRPVGvyXfgzIDvzoq608vM+jeyVD0Tu1E6Np0Kc2zAIFWIj963V2800iF/9LPieQw==
  
  side-channel@^1.0.4:
    version "1.0.6"
    resolved "https://registry.npmjs.org/side-channel/-/side-channel-1.0.6.tgz"
    integrity sha512-fDW/EZ6Q9RiO8eFG8Hj+7u/oW+XrPTIChwCOM2+th2A6OblDtYYIpve9m+KvI9Z4C9qSEXlaGR6bTEYHReuglA==
    dependencies:
      call-bind "^1.0.7"
      es-errors "^1.3.0"
      get-intrinsic "^1.2.4"
      object-inspect "^1.13.1"
  
  statuses@2.0.1:
    version "2.0.1"
    resolved "https://registry.npmjs.org/statuses/-/statuses-2.0.1.tgz"
    integrity sha512-RwNA9Z/7PrK06rYLIzFMlaF+l73iwpzsqRIFgbMLbTcLD6cOao82TaWefPXQvB2fOC4AjuYSEndS7N/mTCbkdQ==
  
  string-width@^4.1.0, string-width@^4.2.0, string-width@^4.2.3:
    version "4.2.3"
    resolved "https://registry.npmjs.org/string-width/-/string-width-4.2.3.tgz"
    integrity sha512-wKyQRQpjJ0sIp62ErSZdGsjMJWsap5oRNihHhu6G7JVO/9jIB6UyevL+tXuOqrng8j/cxKTWyWUwvSTriiZz/g==
    dependencies:
      emoji-regex "^8.0.0"
      is-fullwidth-code-point "^3.0.0"
      strip-ansi "^6.0.1"
  
  strip-ansi@^6.0.0, strip-ansi@^6.0.1:
    version "6.0.1"
    resolved "https://registry.npmjs.org/strip-ansi/-/strip-ansi-6.0.1.tgz"
    integrity sha512-Y38VPSHcqkFrCpFnQ9vuSXmquuv5oXOKpGeT6aGrr3o3Gc9AlVa6JBfUSOCnbxGGZF+/0ooI7KrPuUSztUdU5A==
    dependencies:
      ansi-regex "^5.0.1"
  
  supports-preserve-symlinks-flag@^1.0.0:
    version "1.0.0"
    resolved "https://registry.npmjs.org/supports-preserve-symlinks-flag/-/supports-preserve-symlinks-flag-1.0.0.tgz"
    integrity sha512-ot0WnXS9fgdkgIcePe6RHNk1WA8+muPa6cSjeR3V8K27q9BB1rTE3R1p7Hv0z1ZyAc8s6Vvv8DIyWf681MAt0w==
  
  toidentifier@1.0.1:
    version "1.0.1"
    resolved "https://registry.npmjs.org/toidentifier/-/toidentifier-1.0.1.tgz"
    integrity sha512-o5sSPKEkg/DIQNmH43V0/uerLrpzVedkUh8tGNvaeXpfpuwjKenlSox/2O/BTlZUtEe+JG7s5YhEz608PlAHRA==
  
  tr46@~0.0.3:
    version "0.0.3"
    resolved "https://registry.npmjs.org/tr46/-/tr46-0.0.3.tgz"
    integrity sha512-N3WMsuqV66lT30CrXNbEjx4GEwlow3v6rr4mCcv6prnfwhS01rkgyFdjPNBYd9br7LpXV1+Emh01fHnq2Gdgrw==
  
  ts-node@^10.9.2:
    version "10.9.2"
    resolved "https://registry.npmjs.org/ts-node/-/ts-node-10.9.2.tgz"
    integrity sha512-f0FFpIdcHgn8zcPSbf1dRevwt047YMnaiJM3u2w2RewrB+fob/zePZcrOyQoLMMO7aBIddLcQIEK5dYjkLnGrQ==
    dependencies:
      "@cspotcode/source-map-support" "^0.8.0"
      "@tsconfig/node10" "^1.0.7"
      "@tsconfig/node12" "^1.0.7"
      "@tsconfig/node14" "^1.0.0"
      "@tsconfig/node16" "^1.0.2"
      acorn "^8.4.1"
      acorn-walk "^8.1.1"
      arg "^4.1.0"
      create-require "^1.1.0"
      diff "^4.0.1"
      make-error "^1.1.1"
      v8-compile-cache-lib "^3.0.1"
      yn "3.1.1"
  
  type-is@~1.6.18:
    version "1.6.18"
    resolved "https://registry.npmjs.org/type-is/-/type-is-1.6.18.tgz"
    integrity sha512-TkRKr9sUTxEH8MdfuCSP7VizJyzRNMjj2J2do2Jr3Kym598JVdEksuzPQCnlFPW4ky9Q+iA+ma9BGm06XQBy8g==
    dependencies:
      media-typer "0.3.0"
      mime-types "~2.1.24"
  
  typescript@^5.5.3:
    version "5.5.3"
    resolved "https://registry.npmjs.org/typescript/-/typescript-5.5.3.tgz"
    integrity sha512-/hreyEujaB0w76zKo6717l3L0o/qEUtRgdvUBvlkhoWeOVMjMuHNHk0BRBzikzuGDqNmPQbg5ifMEqsHLiIUcQ==
  
  undici-types@~5.26.4:
    version "5.26.5"
    resolved "https://registry.npmjs.org/undici-types/-/undici-types-5.26.5.tgz"
    integrity sha512-JlCMO+ehdEIKqlFxk6IfVoAUVmgz7cU7zD/h9XZ0qzeosSHmUJVOzSQvvYSYWXkFXC+IfLKSIffhv0sVZup6pA==
  
  unpipe@1.0.0, unpipe@~1.0.0:
    version "1.0.0"
    resolved "https://registry.npmjs.org/unpipe/-/unpipe-1.0.0.tgz"
    integrity sha512-pjy2bYhSsufwWlKwPc+l3cN7+wuJlK6uz0YdJEOlQDbl6jo/YlPi4mb8agUkVC8BF7V8NuzeyPNqRksA3hztKQ==
  
  utils-merge@1.0.1:
    version "1.0.1"
    resolved "https://registry.npmjs.org/utils-merge/-/utils-merge-1.0.1.tgz"
    integrity sha512-pMZTvIkT1d+TFGvDOqodOclx0QWkkgi6Tdoa8gC8ffGAAqz9pzPTZWAybbsHHoED/ztMtkv/VoYTYyShUn81hA==
  
  uuid@^10.0.0:
    version "10.0.0"
    resolved "https://registry.npmjs.org/uuid/-/uuid-10.0.0.tgz"
    integrity sha512-8XkAphELsDnEGrDxUOHB3RGvXz6TeuYSGEZBOjtTtPm2lwhGBjLgOzLHB63IUWfBpNucQjND6d3AOudO+H3RWQ==
  
  v8-compile-cache-lib@^3.0.1:
    version "3.0.1"
    resolved "https://registry.npmjs.org/v8-compile-cache-lib/-/v8-compile-cache-lib-3.0.1.tgz"
    integrity sha512-wa7YjyUGfNZngI/vtK0UHAN+lgDCxBPCylVXGp0zu59Fz5aiGtNXaq3DhIov063MorB+VfufLh3JlF2KdTK3xg==
  
  vary@~1.1.2:
    version "1.1.2"
    resolved "https://registry.npmjs.org/vary/-/vary-1.1.2.tgz"
    integrity sha512-BNGbWLfd0eUPabhkXUVm0j8uuvREyTh5ovRa/dyow/BqAbZJyC+5fU+IzQOzmAKzYqYRAISoRhdQr3eIZ/PXqg==
  
  webidl-conversions@^3.0.0:
    version "3.0.1"
    resolved "https://registry.npmjs.org/webidl-conversions/-/webidl-conversions-3.0.1.tgz"
    integrity sha512-2JAn3z8AR6rjK8Sm8orRC0h/bcl/DqL7tRPdGZ4I1CjdF+EaMLmYxBHyXuKL849eucPFhvBoxMsflfOb8kxaeQ==
  
  whatwg-url@^5.0.0:
    version "5.0.0"
    resolved "https://registry.npmjs.org/whatwg-url/-/whatwg-url-5.0.0.tgz"
    integrity sha512-saE57nupxk6v3HY35+jzBwYa0rKSy0XR8JSxZPwgLr7ys0IBzhGviA1/TUGJLmSVqs8pb9AnvICXEuOHLprYTw==
    dependencies:
      tr46 "~0.0.3"
      webidl-conversions "^3.0.0"
  
  wrap-ansi@^7.0.0:
    version "7.0.0"
    resolved "https://registry.npmjs.org/wrap-ansi/-/wrap-ansi-7.0.0.tgz"
    integrity sha512-YVGIj2kamLSTxw6NsZjoBxfSwsn0ycdesmc4p+Q21c5zPuZ1pl+NfxVdxPtdHvmNVOQ6XSYG4AUtyt/Fi7D16Q==
    dependencies:
      ansi-styles "^4.0.0"
      string-width "^4.1.0"
      strip-ansi "^6.0.0"
  
  xtend@^4.0.0:
    version "4.0.2"
    resolved "https://registry.npmjs.org/xtend/-/xtend-4.0.2.tgz"
    integrity sha512-LKYU1iAXJXUgAXn9URjiu+MWhyUXHsvfp7mcuYm9dSUKK0/CjtrUwFAxD82/mCWbtLsGjFIad0wIsod4zrTAEQ==
  
  y18n@^5.0.5:
    version "5.0.8"
    resolved "https://registry.npmjs.org/y18n/-/y18n-5.0.8.tgz"
    integrity sha512-0pfFzegeDWJHJIAmTLRP2DwHjdF5s7jo9tuztdQxAhINCdvS+3nGINqPd00AphqJR/0LhANUS6/+7SCb98YOfA==
  
  yargs-parser@^21.1.1:
    version "21.1.1"
    resolved "https://registry.npmjs.org/yargs-parser/-/yargs-parser-21.1.1.tgz"
    integrity sha512-tVpsJW7DdjecAiFpbIB1e3qxIQsE6NoPc5/eTdrbbIC4h0LVsWhnoa3g+m2HclBIujHzsxZ4VJVA+GUuc2/LBw==
  
  yargs@^17.7.2:
    version "17.7.2"
    resolved "https://registry.npmjs.org/yargs/-/yargs-17.7.2.tgz"
    integrity sha512-7dSzzRQ++CKnNI/krKnYRV7JKKPUXMEh61soaHKg9mrWEhzFWhFnxPxGl+69cD1Ou63C13NUPCnmIcrvqCuM6w==
    dependencies:
      cliui "^8.0.1"
      escalade "^3.1.1"
      get-caller-file "^2.0.5"
      require-directory "^2.1.1"
      string-width "^4.2.3"
      y18n "^5.0.5"
      yargs-parser "^21.1.1"
  
  yn@3.1.1:
    version "3.1.1"
    resolved "https://registry.npmjs.org/yn/-/yn-3.1.1.tgz"
    integrity sha512-Ux4ygGWsu2c7isFWe8Yu1YluJmqVhxqK2cLXNQA5AcC3QfbGNpM7fu0Y8b/z16pXLnFxZYvWhd3fhBY9DLmC6Q==
